{"/Users/peterdrahovsky/Documents/bavenir/AURORAL/gateway-js/src/config.ts": {"path":"/Users/peterdrahovsky/Documents/bavenir/AURORAL/gateway-js/src/config.ts","statementMap":{"0":{"start":{"line":1,"column":0},"end":{"line":1,"column":27}},"1":{"start":{"line":2,"column":0},"end":{"line":2,"column":39}},"2":{"start":{"line":4,"column":0},"end":{"line":4,"column":null}},"3":{"start":{"line":5,"column":0},"end":{"line":11,"column":null}},"4":{"start":{"line":9,"column":1},"end":{"line":9,"column":null}},"5":{"start":{"line":10,"column":1},"end":{"line":10,"column":null}},"6":{"start":{"line":13,"column":13},"end":{"line":51,"column":null}}},"fnMap":{},"branchMap":{"0":{"loc":{"start":{"line":5,"column":0},"end":{"line":11,"column":null}},"type":"if","locations":[{"start":{"line":5,"column":0},"end":{"line":11,"column":null}}]},"1":{"loc":{"start":{"line":6,"column":1},"end":{"line":7,"column":25}},"type":"binary-expr","locations":[{"start":{"line":6,"column":1},"end":{"line":6,"column":22}},{"start":{"line":6,"column":26},"end":{"line":6,"column":41}},{"start":{"line":7,"column":4},"end":{"line":7,"column":25}}]},"2":{"loc":{"start":{"line":20,"column":11},"end":{"line":20,"column":42}},"type":"binary-expr","locations":[{"start":{"line":20,"column":11},"end":{"line":20,"column":33}},{"start":{"line":20,"column":37},"end":{"line":20,"column":42}}]},"3":{"loc":{"start":{"line":23,"column":7},"end":{"line":23,"column":41}},"type":"binary-expr","locations":[{"start":{"line":23,"column":7},"end":{"line":23,"column":32}},{"start":{"line":23,"column":36},"end":{"line":23,"column":41}}]},"4":{"loc":{"start":{"line":24,"column":11},"end":{"line":24,"column":52}},"type":"binary-expr","locations":[{"start":{"line":24,"column":11},"end":{"line":24,"column":40}},{"start":{"line":24,"column":44},"end":{"line":24,"column":52}}]},"5":{"loc":{"start":{"line":33,"column":12},"end":{"line":33,"column":55}},"type":"binary-expr","locations":[{"start":{"line":33,"column":12},"end":{"line":33,"column":38}},{"start":{"line":33,"column":42},"end":{"line":33,"column":55}}]},"6":{"loc":{"start":{"line":34,"column":18},"end":{"line":34,"column":54}},"type":"binary-expr","locations":[{"start":{"line":34,"column":18},"end":{"line":34,"column":44}},{"start":{"line":34,"column":48},"end":{"line":34,"column":54}}]},"7":{"loc":{"start":{"line":35,"column":17},"end":{"line":35,"column":50}},"type":"binary-expr","locations":[{"start":{"line":35,"column":17},"end":{"line":35,"column":42}},{"start":{"line":35,"column":46},"end":{"line":35,"column":50}}]},"8":{"loc":{"start":{"line":38,"column":17},"end":{"line":38,"column":78}},"type":"binary-expr","locations":[{"start":{"line":38,"column":17},"end":{"line":38,"column":48}},{"start":{"line":38,"column":52},"end":{"line":38,"column":78}}]},"9":{"loc":{"start":{"line":43,"column":11},"end":{"line":43,"column":49}},"type":"binary-expr","locations":[{"start":{"line":43,"column":11},"end":{"line":43,"column":40}},{"start":{"line":43,"column":44},"end":{"line":43,"column":49}}]}},"s":{"0":8,"1":8,"2":8,"3":8,"4":0,"5":0,"6":8},"f":{},"b":{"0":[0],"1":[8,8,8],"2":[8,8],"3":[8,0],"4":[8,8],"5":[8,0],"6":[8,8],"7":[8,8],"8":[8,0],"9":[8,0]}}
,"/Users/peterdrahovsky/Documents/bavenir/AURORAL/gateway-js/src/connectors/agent-connector.ts": {"path":"/Users/peterdrahovsky/Documents/bavenir/AURORAL/gateway-js/src/connectors/agent-connector.ts","statementMap":{"0":{"start":{"line":6,"column":0},"end":{"line":6,"column":52}},"1":{"start":{"line":7,"column":0},"end":{"line":7,"column":34}},"2":{"start":{"line":8,"column":0},"end":{"line":8,"column":72}},"3":{"start":{"line":14,"column":16},"end":{"line":23,"column":2}},"4":{"start":{"line":25,"column":18},"end":{"line":29,"column":null}},"5":{"start":{"line":31,"column":13},"end":{"line":118,"column":null}},"6":{"start":{"line":41,"column":12},"end":{"line":41,"column":null}},"7":{"start":{"line":44,"column":19},"end":{"line":44,"column":null}},"8":{"start":{"line":44,"column":12},"end":{"line":44,"column":null}},"9":{"start":{"line":46,"column":18},"end":{"line":46,"column":null}},"10":{"start":{"line":47,"column":12},"end":{"line":47,"column":null}},"11":{"start":{"line":48,"column":12},"end":{"line":48,"column":null}},"12":{"start":{"line":61,"column":12},"end":{"line":61,"column":null}},"13":{"start":{"line":62,"column":19},"end":{"line":62,"column":null}},"14":{"start":{"line":62,"column":12},"end":{"line":62,"column":null}},"15":{"start":{"line":64,"column":18},"end":{"line":64,"column":null}},"16":{"start":{"line":65,"column":12},"end":{"line":65,"column":null}},"17":{"start":{"line":66,"column":12},"end":{"line":66,"column":null}},"18":{"start":{"line":78,"column":12},"end":{"line":78,"column":null}},"19":{"start":{"line":79,"column":19},"end":{"line":79,"column":null}},"20":{"start":{"line":79,"column":12},"end":{"line":79,"column":null}},"21":{"start":{"line":81,"column":18},"end":{"line":81,"column":null}},"22":{"start":{"line":82,"column":12},"end":{"line":82,"column":null}},"23":{"start":{"line":83,"column":12},"end":{"line":83,"column":null}},"24":{"start":{"line":95,"column":19},"end":{"line":95,"column":null}},"25":{"start":{"line":95,"column":12},"end":{"line":95,"column":null}},"26":{"start":{"line":97,"column":18},"end":{"line":97,"column":null}},"27":{"start":{"line":98,"column":12},"end":{"line":98,"column":null}},"28":{"start":{"line":99,"column":12},"end":{"line":99,"column":null}},"29":{"start":{"line":111,"column":19},"end":{"line":111,"column":null}},"30":{"start":{"line":111,"column":12},"end":{"line":111,"column":null}},"31":{"start":{"line":113,"column":18},"end":{"line":113,"column":null}},"32":{"start":{"line":114,"column":12},"end":{"line":114,"column":null}},"33":{"start":{"line":115,"column":12},"end":{"line":115,"column":null}},"34":{"start":{"line":121,"column":16},"end":{"line":124,"column":null}},"35":{"start":{"line":121,"column":114},"end":{"line":124,"column":null}},"36":{"start":{"line":122,"column":21},"end":{"line":122,"column":125}},"37":{"start":{"line":122,"column":10},"end":{"line":122,"column":null}},"38":{"start":{"line":123,"column":4},"end":{"line":123,"column":null}}},"fnMap":{"0":{"name":"(anonymous_16)","decl":{"start":{"line":39,"column":17},"end":{"line":39,"column":32}},"loc":{"start":{"line":39,"column":75},"end":{"line":50,"column":null}}},"1":{"name":"(anonymous_19)","decl":{"start":{"line":59,"column":17},"end":{"line":59,"column":32}},"loc":{"start":{"line":59,"column":91},"end":{"line":68,"column":null}}},"2":{"name":"(anonymous_22)","decl":{"start":{"line":76,"column":14},"end":{"line":76,"column":29}},"loc":{"start":{"line":76,"column":100},"end":{"line":85,"column":null}}},"3":{"name":"(anonymous_25)","decl":{"start":{"line":93,"column":15},"end":{"line":93,"column":30}},"loc":{"start":{"line":93,"column":101},"end":{"line":101,"column":null}}},"4":{"name":"(anonymous_28)","decl":{"start":{"line":109,"column":12},"end":{"line":109,"column":27}},"loc":{"start":{"line":109,"column":87},"end":{"line":117,"column":null}}},"5":{"name":"(anonymous_31)","decl":{"start":{"line":121,"column":16},"end":{"line":121,"column":23}},"loc":{"start":{"line":121,"column":114},"end":{"line":124,"column":null}}},"6":{"name":"(anonymous_32)","decl":{"start":{"line":121,"column":114},"end":{"line":121,"column":null}},"loc":{"start":{"line":121,"column":114},"end":{"line":124,"column":null}}}},"branchMap":{"0":{"loc":{"start":{"line":62,"column":12},"end":{"line":62,"column":null}},"type":"switch","locations":[{"start":{"line":62,"column":12},"end":{"line":62,"column":null}}]},"1":{"loc":{"start":{"line":79,"column":12},"end":{"line":79,"column":null}},"type":"switch","locations":[{"start":{"line":79,"column":12},"end":{"line":79,"column":null}}]},"2":{"loc":{"start":{"line":95,"column":12},"end":{"line":95,"column":null}},"type":"switch","locations":[{"start":{"line":95,"column":12},"end":{"line":95,"column":null}}]},"3":{"loc":{"start":{"line":111,"column":12},"end":{"line":111,"column":null}},"type":"switch","locations":[{"start":{"line":111,"column":12},"end":{"line":111,"column":null}}]},"4":{"loc":{"start":{"line":122,"column":21},"end":{"line":122,"column":125}},"type":"switch","locations":[{"start":{"line":122,"column":21},"end":{"line":122,"column":125}}]}},"s":{"0":4,"1":4,"2":4,"3":4,"4":4,"5":4,"6":2,"7":2,"8":2,"9":1,"10":1,"11":1,"12":2,"13":2,"14":2,"15":1,"16":1,"17":1,"18":3,"19":3,"20":3,"21":1,"22":1,"23":1,"24":2,"25":2,"26":1,"27":1,"28":1,"29":2,"30":2,"31":1,"32":1,"33":1,"34":4,"35":11,"36":11,"37":11,"38":6},"f":{"0":2,"1":2,"2":3,"3":2,"4":2,"5":11,"6":11},"b":{"0":[2],"1":[3],"2":[2],"3":[2],"4":[11]}}
,"/Users/peterdrahovsky/Documents/bavenir/AURORAL/gateway-js/src/connectors/nm-connector.ts": {"path":"/Users/peterdrahovsky/Documents/bavenir/AURORAL/gateway-js/src/connectors/nm-connector.ts","statementMap":{"0":{"start":{"line":6,"column":0},"end":{"line":6,"column":52}},"1":{"start":{"line":7,"column":0},"end":{"line":7,"column":34}},"2":{"start":{"line":8,"column":0},"end":{"line":8,"column":72}},"3":{"start":{"line":10,"column":0},"end":{"line":10,"column":40}},"4":{"start":{"line":16,"column":16},"end":{"line":25,"column":2}},"5":{"start":{"line":27,"column":18},"end":{"line":31,"column":null}},"6":{"start":{"line":33,"column":13},"end":{"line":226,"column":null}},"7":{"start":{"line":44,"column":19},"end":{"line":44,"column":null}},"8":{"start":{"line":44,"column":12},"end":{"line":44,"column":null}},"9":{"start":{"line":46,"column":18},"end":{"line":46,"column":null}},"10":{"start":{"line":47,"column":12},"end":{"line":47,"column":null}},"11":{"start":{"line":48,"column":12},"end":{"line":48,"column":null}},"12":{"start":{"line":56,"column":8},"end":{"line":56,"column":null}},"13":{"start":{"line":64,"column":8},"end":{"line":64,"column":null}},"14":{"start":{"line":72,"column":8},"end":{"line":72,"column":null}},"15":{"start":{"line":81,"column":8},"end":{"line":81,"column":null}},"16":{"start":{"line":90,"column":8},"end":{"line":90,"column":null}},"17":{"start":{"line":99,"column":8},"end":{"line":99,"column":null}},"18":{"start":{"line":107,"column":8},"end":{"line":107,"column":null}},"19":{"start":{"line":115,"column":12},"end":{"line":115,"column":null}},"20":{"start":{"line":122,"column":8},"end":{"line":122,"column":null}},"21":{"start":{"line":130,"column":8},"end":{"line":130,"column":null}},"22":{"start":{"line":137,"column":8},"end":{"line":137,"column":null}},"23":{"start":{"line":145,"column":8},"end":{"line":145,"column":null}},"24":{"start":{"line":153,"column":8},"end":{"line":153,"column":null}},"25":{"start":{"line":161,"column":8},"end":{"line":161,"column":null}},"26":{"start":{"line":168,"column":8},"end":{"line":168,"column":null}},"27":{"start":{"line":176,"column":8},"end":{"line":176,"column":null}},"28":{"start":{"line":184,"column":8},"end":{"line":184,"column":null}},"29":{"start":{"line":192,"column":8},"end":{"line":192,"column":null}},"30":{"start":{"line":199,"column":8},"end":{"line":199,"column":null}},"31":{"start":{"line":207,"column":8},"end":{"line":207,"column":null}},"32":{"start":{"line":215,"column":8},"end":{"line":215,"column":null}},"33":{"start":{"line":223,"column":8},"end":{"line":223,"column":null}},"34":{"start":{"line":224,"column":8},"end":{"line":224,"column":null}},"35":{"start":{"line":230,"column":16},"end":{"line":233,"column":null}},"36":{"start":{"line":230,"column":114},"end":{"line":233,"column":null}},"37":{"start":{"line":231,"column":21},"end":{"line":231,"column":125}},"38":{"start":{"line":231,"column":10},"end":{"line":231,"column":null}},"39":{"start":{"line":232,"column":4},"end":{"line":232,"column":null}}},"fnMap":{"0":{"name":"(anonymous_16)","decl":{"start":{"line":42,"column":15},"end":{"line":42,"column":null}},"loc":{"start":{"line":42,"column":15},"end":{"line":50,"column":null}}},"1":{"name":"(anonymous_19)","decl":{"start":{"line":55,"column":17},"end":{"line":55,"column":null}},"loc":{"start":{"line":55,"column":17},"end":{"line":57,"column":null}}},"2":{"name":"(anonymous_22)","decl":{"start":{"line":63,"column":18},"end":{"line":63,"column":33}},"loc":{"start":{"line":63,"column":54},"end":{"line":65,"column":null}}},"3":{"name":"(anonymous_25)","decl":{"start":{"line":71,"column":19},"end":{"line":71,"column":34}},"loc":{"start":{"line":71,"column":45},"end":{"line":73,"column":null}}},"4":{"name":"(anonymous_28)","decl":{"start":{"line":80,"column":19},"end":{"line":80,"column":34}},"loc":{"start":{"line":80,"column":65},"end":{"line":82,"column":null}}},"5":{"name":"(anonymous_31)","decl":{"start":{"line":89,"column":17},"end":{"line":89,"column":32}},"loc":{"start":{"line":89,"column":60},"end":{"line":91,"column":null}}},"6":{"name":"(anonymous_34)","decl":{"start":{"line":98,"column":17},"end":{"line":98,"column":32}},"loc":{"start":{"line":98,"column":63},"end":{"line":100,"column":null}}},"7":{"name":"(anonymous_37)","decl":{"start":{"line":106,"column":17},"end":{"line":106,"column":32}},"loc":{"start":{"line":106,"column":44},"end":{"line":108,"column":null}}},"8":{"name":"(anonymous_40)","decl":{"start":{"line":114,"column":19},"end":{"line":114,"column":34}},"loc":{"start":{"line":114,"column":46},"end":{"line":116,"column":null}}},"9":{"name":"(anonymous_43)","decl":{"start":{"line":121,"column":21},"end":{"line":121,"column":null}},"loc":{"start":{"line":121,"column":21},"end":{"line":123,"column":null}}},"10":{"name":"(anonymous_46)","decl":{"start":{"line":129,"column":21},"end":{"line":129,"column":36}},"loc":{"start":{"line":129,"column":49},"end":{"line":131,"column":null}}},"11":{"name":"(anonymous_49)","decl":{"start":{"line":136,"column":17},"end":{"line":136,"column":null}},"loc":{"start":{"line":136,"column":17},"end":{"line":138,"column":null}}},"12":{"name":"(anonymous_52)","decl":{"start":{"line":144,"column":16},"end":{"line":144,"column":31}},"loc":{"start":{"line":144,"column":42},"end":{"line":146,"column":null}}},"13":{"name":"(anonymous_55)","decl":{"start":{"line":152,"column":29},"end":{"line":152,"column":44}},"loc":{"start":{"line":152,"column":55},"end":{"line":154,"column":null}}},"14":{"name":"(anonymous_58)","decl":{"start":{"line":160,"column":20},"end":{"line":160,"column":null}},"loc":{"start":{"line":160,"column":20},"end":{"line":162,"column":null}}},"15":{"name":"(anonymous_61)","decl":{"start":{"line":167,"column":31},"end":{"line":167,"column":null}},"loc":{"start":{"line":167,"column":31},"end":{"line":169,"column":null}}},"16":{"name":"(anonymous_64)","decl":{"start":{"line":175,"column":29},"end":{"line":175,"column":44}},"loc":{"start":{"line":175,"column":55},"end":{"line":177,"column":null}}},"17":{"name":"(anonymous_67)","decl":{"start":{"line":183,"column":28},"end":{"line":183,"column":43}},"loc":{"start":{"line":183,"column":54},"end":{"line":185,"column":null}}},"18":{"name":"(anonymous_70)","decl":{"start":{"line":191,"column":25},"end":{"line":191,"column":40}},"loc":{"start":{"line":191,"column":54},"end":{"line":193,"column":null}}},"19":{"name":"(anonymous_73)","decl":{"start":{"line":198,"column":30},"end":{"line":198,"column":null}},"loc":{"start":{"line":198,"column":30},"end":{"line":200,"column":null}}},"20":{"name":"(anonymous_76)","decl":{"start":{"line":206,"column":25},"end":{"line":206,"column":40}},"loc":{"start":{"line":206,"column":52},"end":{"line":208,"column":null}}},"21":{"name":"(anonymous_79)","decl":{"start":{"line":214,"column":18},"end":{"line":214,"column":33}},"loc":{"start":{"line":214,"column":44},"end":{"line":216,"column":null}}},"22":{"name":"(anonymous_82)","decl":{"start":{"line":222,"column":15},"end":{"line":222,"column":30}},"loc":{"start":{"line":222,"column":42},"end":{"line":225,"column":null}}},"23":{"name":"(anonymous_85)","decl":{"start":{"line":230,"column":16},"end":{"line":230,"column":23}},"loc":{"start":{"line":230,"column":114},"end":{"line":233,"column":null}}},"24":{"name":"(anonymous_86)","decl":{"start":{"line":230,"column":114},"end":{"line":230,"column":null}},"loc":{"start":{"line":230,"column":114},"end":{"line":233,"column":null}}}},"branchMap":{"0":{"loc":{"start":{"line":44,"column":12},"end":{"line":44,"column":null}},"type":"switch","locations":[{"start":{"line":44,"column":12},"end":{"line":44,"column":null}}]},"1":{"loc":{"start":{"line":231,"column":21},"end":{"line":231,"column":125}},"type":"switch","locations":[{"start":{"line":231,"column":21},"end":{"line":231,"column":125}}]}},"s":{"0":7,"1":7,"2":7,"3":7,"4":7,"5":7,"6":7,"7":2,"8":2,"9":1,"10":1,"11":1,"12":2,"13":3,"14":2,"15":2,"16":2,"17":2,"18":2,"19":2,"20":2,"21":2,"22":2,"23":2,"24":2,"25":2,"26":2,"27":2,"28":2,"29":2,"30":2,"31":2,"32":9,"33":8,"34":8,"35":7,"36":60,"37":60,"38":60,"39":37},"f":{"0":2,"1":2,"2":3,"3":2,"4":2,"5":2,"6":2,"7":2,"8":2,"9":2,"10":2,"11":2,"12":2,"13":2,"14":2,"15":2,"16":2,"17":2,"18":2,"19":2,"20":2,"21":9,"22":8,"23":60,"24":60},"b":{"0":[2],"1":[60]}}
,"/Users/peterdrahovsky/Documents/bavenir/AURORAL/gateway-js/src/core/encryption.ts": {"path":"/Users/peterdrahovsky/Documents/bavenir/AURORAL/gateway-js/src/core/encryption.ts","statementMap":{"0":{"start":{"line":1,"column":0},"end":{"line":1,"column":27}},"1":{"start":{"line":2,"column":0},"end":{"line":2,"column":19}},"2":{"start":{"line":3,"column":0},"end":{"line":3,"column":23}},"3":{"start":{"line":4,"column":0},"end":{"line":4,"column":46}},"4":{"start":{"line":5,"column":0},"end":{"line":5,"column":34}},"5":{"start":{"line":6,"column":0},"end":{"line":6,"column":47}},"6":{"start":{"line":7,"column":0},"end":{"line":7,"column":72}},"7":{"start":{"line":9,"column":13},"end":{"line":9,"column":21}},"8":{"start":{"line":11,"column":19},"end":{"line":11,"column":121}},"9":{"start":{"line":14,"column":4},"end":{"line":24,"column":null}},"10":{"start":{"line":15,"column":8},"end":{"line":15,"column":null}},"11":{"start":{"line":16,"column":8},"end":{"line":19,"column":null}},"12":{"start":{"line":21,"column":14},"end":{"line":21,"column":null}},"13":{"start":{"line":22,"column":8},"end":{"line":22,"column":null}},"14":{"start":{"line":23,"column":8},"end":{"line":23,"column":null}},"15":{"start":{"line":13,"column":0},"end":{"line":13,"column":22}},"16":{"start":{"line":29,"column":8},"end":{"line":29,"column":null}},"17":{"start":{"line":30,"column":21},"end":{"line":30,"column":null}},"18":{"start":{"line":30,"column":14},"end":{"line":30,"column":null}},"19":{"start":{"line":31,"column":23},"end":{"line":31,"column":null}},"20":{"start":{"line":31,"column":14},"end":{"line":31,"column":null}},"21":{"start":{"line":32,"column":8},"end":{"line":40,"column":null}},"22":{"start":{"line":42,"column":14},"end":{"line":42,"column":null}},"23":{"start":{"line":43,"column":8},"end":{"line":43,"column":null}},"24":{"start":{"line":44,"column":8},"end":{"line":44,"column":null}},"25":{"start":{"line":27,"column":0},"end":{"line":27,"column":22}},"26":{"start":{"line":49,"column":17},"end":{"line":49,"column":null}},"27":{"start":{"line":49,"column":10},"end":{"line":49,"column":null}},"28":{"start":{"line":50,"column":19},"end":{"line":50,"column":null}},"29":{"start":{"line":50,"column":10},"end":{"line":50,"column":null}},"30":{"start":{"line":51,"column":4},"end":{"line":51,"column":null}},"31":{"start":{"line":48,"column":0},"end":{"line":48,"column":22}},"32":{"start":{"line":55,"column":4},"end":{"line":55,"column":null}},"33":{"start":{"line":54,"column":0},"end":{"line":54,"column":22}},"34":{"start":{"line":59,"column":4},"end":{"line":59,"column":null}},"35":{"start":{"line":58,"column":0},"end":{"line":58,"column":22}},"36":{"start":{"line":63,"column":17},"end":{"line":63,"column":null}},"37":{"start":{"line":63,"column":10},"end":{"line":63,"column":null}},"38":{"start":{"line":64,"column":19},"end":{"line":64,"column":null}},"39":{"start":{"line":64,"column":10},"end":{"line":64,"column":null}},"40":{"start":{"line":65,"column":4},"end":{"line":65,"column":null}},"41":{"start":{"line":62,"column":0},"end":{"line":62,"column":22}},"42":{"start":{"line":70,"column":4},"end":{"line":94,"column":null}},"43":{"start":{"line":71,"column":8},"end":{"line":89,"column":null}},"44":{"start":{"line":72,"column":12},"end":{"line":79,"column":null}},"45":{"start":{"line":81,"column":12},"end":{"line":88,"column":null}},"46":{"start":{"line":91,"column":22},"end":{"line":91,"column":39}},"47":{"start":{"line":92,"column":8},"end":{"line":92,"column":null}},"48":{"start":{"line":93,"column":8},"end":{"line":93,"column":null}},"49":{"start":{"line":98,"column":4},"end":{"line":122,"column":null}},"50":{"start":{"line":99,"column":8},"end":{"line":117,"column":null}},"51":{"start":{"line":100,"column":12},"end":{"line":107,"column":null}},"52":{"start":{"line":109,"column":12},"end":{"line":116,"column":null}},"53":{"start":{"line":119,"column":22},"end":{"line":119,"column":39}},"54":{"start":{"line":120,"column":8},"end":{"line":120,"column":null}},"55":{"start":{"line":121,"column":8},"end":{"line":121,"column":null}},"56":{"start":{"line":127,"column":21},"end":{"line":127,"column":null}},"57":{"start":{"line":127,"column":12},"end":{"line":127,"column":null}},"58":{"start":{"line":128,"column":12},"end":{"line":128,"column":13}},"59":{"start":{"line":129,"column":12},"end":{"line":129,"column":null}},"60":{"start":{"line":130,"column":28},"end":{"line":130,"column":53}},"61":{"start":{"line":130,"column":21},"end":{"line":130,"column":null}},"62":{"start":{"line":130,"column":12},"end":{"line":130,"column":null}},"63":{"start":{"line":131,"column":12},"end":{"line":131,"column":67}},"64":{"start":{"line":133,"column":8},"end":{"line":133,"column":null}},"65":{"start":{"line":135,"column":14},"end":{"line":135,"column":null}},"66":{"start":{"line":136,"column":8},"end":{"line":136,"column":null}},"67":{"start":{"line":137,"column":8},"end":{"line":137,"column":null}},"68":{"start":{"line":143,"column":19},"end":{"line":143,"column":null}},"69":{"start":{"line":143,"column":12},"end":{"line":143,"column":null}},"70":{"start":{"line":144,"column":12},"end":{"line":144,"column":13}},"71":{"start":{"line":145,"column":12},"end":{"line":145,"column":null}},"72":{"start":{"line":146,"column":20},"end":{"line":146,"column":47}},"73":{"start":{"line":146,"column":12},"end":{"line":146,"column":null}},"74":{"start":{"line":147,"column":12},"end":{"line":147,"column":62}},"75":{"start":{"line":149,"column":8},"end":{"line":149,"column":null}},"76":{"start":{"line":151,"column":14},"end":{"line":151,"column":null}},"77":{"start":{"line":152,"column":8},"end":{"line":152,"column":null}},"78":{"start":{"line":153,"column":8},"end":{"line":153,"column":null}}},"fnMap":{"0":{"name":"signMessage","decl":{"start":{"line":13,"column":22},"end":{"line":13,"column":33}},"loc":{"start":{"line":13,"column":49},"end":{"line":25,"column":null}}},"1":{"name":"validateMessage","decl":{"start":{"line":27,"column":22},"end":{"line":27,"column":37}},"loc":{"start":{"line":27,"column":85},"end":{"line":46,"column":null}}},"2":{"name":"encryptWithRemotePublicKey","decl":{"start":{"line":48,"column":22},"end":{"line":48,"column":48}},"loc":{"start":{"line":48,"column":77},"end":{"line":52,"column":null}}},"3":{"name":"encryptWithMyPrivateKey","decl":{"start":{"line":54,"column":22},"end":{"line":54,"column":45}},"loc":{"start":{"line":54,"column":61},"end":{"line":56,"column":null}}},"4":{"name":"decryptWithMyPrivateKey","decl":{"start":{"line":58,"column":22},"end":{"line":58,"column":45}},"loc":{"start":{"line":58,"column":61},"end":{"line":60,"column":null}}},"5":{"name":"decryptWithRemotePublicKey","decl":{"start":{"line":62,"column":22},"end":{"line":62,"column":48}},"loc":{"start":{"line":62,"column":77},"end":{"line":66,"column":null}}},"6":{"name":"decrypt","decl":{"start":{"line":69,"column":9},"end":{"line":69,"column":16}},"loc":{"start":{"line":69,"column":69},"end":{"line":95,"column":1}}},"7":{"name":"encrypt","decl":{"start":{"line":97,"column":9},"end":{"line":97,"column":16}},"loc":{"start":{"line":97,"column":69},"end":{"line":123,"column":1}}},"8":{"name":"getPubkey","decl":{"start":{"line":125,"column":15},"end":{"line":125,"column":24}},"loc":{"start":{"line":125,"column":37},"end":{"line":139,"column":null}}},"9":{"name":"getAgid","decl":{"start":{"line":141,"column":15},"end":{"line":141,"column":22}},"loc":{"start":{"line":141,"column":34},"end":{"line":155,"column":null}}}},"branchMap":{"0":{"loc":{"start":{"line":49,"column":17},"end":{"line":49,"column":null}},"type":"switch","locations":[{"start":{"line":49,"column":17},"end":{"line":49,"column":null}}]},"1":{"loc":{"start":{"line":63,"column":17},"end":{"line":63,"column":null}},"type":"switch","locations":[{"start":{"line":63,"column":17},"end":{"line":63,"column":null}}]},"2":{"loc":{"start":{"line":71,"column":8},"end":{"line":89,"column":null}},"type":"if","locations":[{"start":{"line":71,"column":8},"end":{"line":89,"column":null}},{"start":{"line":80,"column":15},"end":{"line":89,"column":null}}]},"3":{"loc":{"start":{"line":99,"column":8},"end":{"line":117,"column":null}},"type":"if","locations":[{"start":{"line":99,"column":8},"end":{"line":117,"column":null}},{"start":{"line":108,"column":15},"end":{"line":117,"column":null}}]},"4":{"loc":{"start":{"line":130,"column":21},"end":{"line":130,"column":null}},"type":"switch","locations":[{"start":{"line":130,"column":21},"end":{"line":130,"column":null}},{"start":{"line":133,"column":8},"end":{"line":133,"column":null}}]},"5":{"loc":{"start":{"line":128,"column":12},"end":{"line":128,"column":13}},"type":"if","locations":[{"start":{"line":128,"column":12},"end":{"line":128,"column":13}}]},"6":{"loc":{"start":{"line":149,"column":8},"end":{"line":149,"column":null}},"type":"switch","locations":[{"start":{"line":149,"column":8},"end":{"line":149,"column":null}}]},"7":{"loc":{"start":{"line":144,"column":12},"end":{"line":144,"column":13}},"type":"if","locations":[{"start":{"line":144,"column":12},"end":{"line":144,"column":13}}]}},"s":{"0":4,"1":4,"2":4,"3":4,"4":4,"5":4,"6":4,"7":4,"8":4,"9":2,"10":2,"11":2,"12":1,"13":1,"14":1,"15":4,"16":5,"17":5,"18":5,"19":4,"20":4,"21":3,"22":3,"23":3,"24":3,"25":4,"26":1,"27":1,"28":1,"29":1,"30":1,"31":4,"32":2,"33":4,"34":1,"35":4,"36":2,"37":2,"38":2,"39":2,"40":2,"41":4,"42":3,"43":3,"44":1,"45":2,"46":1,"47":1,"48":1,"49":3,"50":3,"51":2,"52":1,"53":1,"54":1,"55":1,"56":7,"57":7,"58":8,"59":6,"60":6,"61":6,"62":6,"63":6,"64":6,"65":1,"66":1,"67":1,"68":8,"69":8,"70":9,"71":7,"72":7,"73":7,"74":7,"75":7,"76":1,"77":1,"78":1},"f":{"0":2,"1":5,"2":1,"3":2,"4":1,"5":2,"6":3,"7":3,"8":7,"9":8},"b":{"0":[1],"1":[2],"2":[1,2],"3":[2,1],"4":[6,6],"5":[1],"6":[7],"7":[1]}}
,"/Users/peterdrahovsky/Documents/bavenir/AURORAL/gateway-js/src/core/event.class.ts": {"path":"/Users/peterdrahovsky/Documents/bavenir/AURORAL/gateway-js/src/core/event.class.ts","statementMap":{"0":{"start":{"line":2,"column":0},"end":{"line":2,"column":13}},"1":{"start":{"line":8,"column":42},"end":{"line":8,"column":null}},"2":{"start":{"line":5,"column":12},"end":{"line":5,"column":null}},"3":{"start":{"line":9,"column":6},"end":{"line":9,"column":null}},"4":{"start":{"line":10,"column":6},"end":{"line":10,"column":null}},"5":{"start":{"line":11,"column":6},"end":{"line":13,"column":null}},"6":{"start":{"line":11,"column":22},"end":{"line":11,"column":35}},"7":{"start":{"line":11,"column":33},"end":{"line":11,"column":35}},"8":{"start":{"line":11,"column":18},"end":{"line":11,"column":22}},"9":{"start":{"line":12,"column":8},"end":{"line":12,"column":null}},"10":{"start":{"line":15,"column":11},"end":{"line":17,"column":null}},"11":{"start":{"line":16,"column":6},"end":{"line":16,"column":null}},"12":{"start":{"line":18,"column":11},"end":{"line":20,"column":null}},"13":{"start":{"line":19,"column":6},"end":{"line":19,"column":null}},"14":{"start":{"line":21,"column":4},"end":{"line":23,"column":null}},"15":{"start":{"line":22,"column":6},"end":{"line":22,"column":null}},"16":{"start":{"line":24,"column":0},"end":{"line":24,"column":null}},"17":{"start":{"line":2,"column":13},"end":{"line":2,"column":25}}},"fnMap":{"0":{"name":"(anonymous_2)","decl":{"start":{"line":2,"column":0},"end":{"line":2,"column":13}},"loc":{"start":{"line":2,"column":0},"end":{"line":24,"column":null}}},"1":{"name":"EventHandler","decl":{"start":{"line":8,"column":4},"end":{"line":8,"column":16}},"loc":{"start":{"line":8,"column":73},"end":{"line":14,"column":5}}},"2":{"name":"(anonymous_4)","decl":{"start":{"line":15,"column":4},"end":{"line":15,"column":11}},"loc":{"start":{"line":15,"column":36},"end":{"line":17,"column":5}}},"3":{"name":"(anonymous_5)","decl":{"start":{"line":18,"column":4},"end":{"line":18,"column":11}},"loc":{"start":{"line":18,"column":39},"end":{"line":20,"column":5}}},"4":{"name":"(anonymous_6)","decl":{"start":{"line":21,"column":4},"end":{"line":21,"column":15}},"loc":{"start":{"line":21,"column":4},"end":{"line":23,"column":5}}}},"branchMap":{"0":{"loc":{"start":{"line":8,"column":42},"end":{"line":8,"column":null}},"type":"if","locations":[{"start":{"line":8,"column":42},"end":{"line":8,"column":null}}]}},"s":{"0":3,"1":10,"2":5,"3":5,"4":5,"5":5,"6":5,"7":5,"8":0,"9":0,"10":3,"11":2,"12":3,"13":1,"14":3,"15":2,"16":3,"17":3},"f":{"0":3,"1":5,"2":2,"3":1,"4":2},"b":{"0":[5]}}
,"/Users/peterdrahovsky/Documents/bavenir/AURORAL/gateway-js/src/core/events.ts": {"path":"/Users/peterdrahovsky/Documents/bavenir/AURORAL/gateway-js/src/core/events.ts","statementMap":{"0":{"start":{"line":1,"column":0},"end":{"line":1,"column":23}},"1":{"start":{"line":2,"column":0},"end":{"line":2,"column":19}},"2":{"start":{"line":3,"column":0},"end":{"line":3,"column":74}},"3":{"start":{"line":4,"column":0},"end":{"line":4,"column":34}},"4":{"start":{"line":5,"column":0},"end":{"line":5,"column":32}},"5":{"start":{"line":6,"column":0},"end":{"line":6,"column":44}},"6":{"start":{"line":8,"column":0},"end":{"line":8,"column":53}},"7":{"start":{"line":15,"column":0},"end":{"line":15,"column":null}},"8":{"start":{"line":17,"column":12},"end":{"line":17,"column":null}},"9":{"start":{"line":18,"column":18},"end":{"line":23,"column":null}},"10":{"start":{"line":19,"column":8},"end":{"line":21,"column":null}},"11":{"start":{"line":20,"column":12},"end":{"line":20,"column":null}},"12":{"start":{"line":22,"column":8},"end":{"line":22,"column":null}},"13":{"start":{"line":30,"column":11},"end":{"line":44,"column":null}},"14":{"start":{"line":31,"column":8},"end":{"line":31,"column":null}},"15":{"start":{"line":32,"column":27},"end":{"line":32,"column":43}},"16":{"start":{"line":33,"column":8},"end":{"line":35,"column":null}},"17":{"start":{"line":34,"column":12},"end":{"line":34,"column":null}},"18":{"start":{"line":36,"column":30},"end":{"line":36,"column":57}},"19":{"start":{"line":37,"column":8},"end":{"line":43,"column":null}},"20":{"start":{"line":38,"column":62},"end":{"line":38,"column":71}},"21":{"start":{"line":39,"column":12},"end":{"line":39,"column":null}},"22":{"start":{"line":40,"column":12},"end":{"line":40,"column":null}},"23":{"start":{"line":42,"column":12},"end":{"line":42,"column":null}},"24":{"start":{"line":51,"column":11},"end":{"line":63,"column":null}},"25":{"start":{"line":52,"column":8},"end":{"line":52,"column":null}},"26":{"start":{"line":53,"column":8},"end":{"line":55,"column":null}},"27":{"start":{"line":54,"column":12},"end":{"line":54,"column":null}},"28":{"start":{"line":56,"column":30},"end":{"line":56,"column":57}},"29":{"start":{"line":57,"column":8},"end":{"line":62,"column":null}},"30":{"start":{"line":58,"column":12},"end":{"line":58,"column":null}},"31":{"start":{"line":59,"column":12},"end":{"line":59,"column":null}},"32":{"start":{"line":61,"column":12},"end":{"line":61,"column":null}},"33":{"start":{"line":69,"column":11},"end":{"line":80,"column":null}},"34":{"start":{"line":70,"column":8},"end":{"line":70,"column":null}},"35":{"start":{"line":71,"column":8},"end":{"line":73,"column":null}},"36":{"start":{"line":72,"column":12},"end":{"line":72,"column":null}},"37":{"start":{"line":74,"column":30},"end":{"line":74,"column":57}},"38":{"start":{"line":75,"column":8},"end":{"line":79,"column":null}},"39":{"start":{"line":76,"column":12},"end":{"line":76,"column":null}},"40":{"start":{"line":78,"column":12},"end":{"line":78,"column":null}},"41":{"start":{"line":87,"column":11},"end":{"line":98,"column":null}},"42":{"start":{"line":88,"column":8},"end":{"line":88,"column":null}},"43":{"start":{"line":89,"column":8},"end":{"line":91,"column":null}},"44":{"start":{"line":90,"column":12},"end":{"line":90,"column":null}},"45":{"start":{"line":92,"column":30},"end":{"line":92,"column":57}},"46":{"start":{"line":93,"column":8},"end":{"line":97,"column":null}},"47":{"start":{"line":94,"column":12},"end":{"line":94,"column":null}},"48":{"start":{"line":96,"column":12},"end":{"line":96,"column":null}},"49":{"start":{"line":106,"column":11},"end":{"line":122,"column":null}},"50":{"start":{"line":107,"column":8},"end":{"line":107,"column":null}},"51":{"start":{"line":108,"column":8},"end":{"line":110,"column":null}},"52":{"start":{"line":109,"column":12},"end":{"line":109,"column":null}},"53":{"start":{"line":111,"column":30},"end":{"line":111,"column":57}},"54":{"start":{"line":112,"column":8},"end":{"line":121,"column":null}},"55":{"start":{"line":113,"column":12},"end":{"line":115,"column":null}},"56":{"start":{"line":114,"column":16},"end":{"line":114,"column":null}},"57":{"start":{"line":116,"column":33},"end":{"line":116,"column":54}},"58":{"start":{"line":117,"column":12},"end":{"line":117,"column":null}},"59":{"start":{"line":118,"column":12},"end":{"line":118,"column":null}},"60":{"start":{"line":120,"column":12},"end":{"line":120,"column":null}},"61":{"start":{"line":130,"column":11},"end":{"line":146,"column":null}},"62":{"start":{"line":131,"column":8},"end":{"line":131,"column":null}},"63":{"start":{"line":132,"column":8},"end":{"line":134,"column":null}},"64":{"start":{"line":133,"column":12},"end":{"line":133,"column":null}},"65":{"start":{"line":135,"column":30},"end":{"line":135,"column":57}},"66":{"start":{"line":136,"column":8},"end":{"line":145,"column":null}},"67":{"start":{"line":137,"column":12},"end":{"line":139,"column":null}},"68":{"start":{"line":138,"column":16},"end":{"line":138,"column":null}},"69":{"start":{"line":140,"column":34},"end":{"line":140,"column":55}},"70":{"start":{"line":141,"column":12},"end":{"line":141,"column":null}},"71":{"start":{"line":142,"column":12},"end":{"line":142,"column":null}},"72":{"start":{"line":144,"column":12},"end":{"line":144,"column":null}},"73":{"start":{"line":148,"column":11},"end":{"line":166,"column":null}},"74":{"start":{"line":149,"column":8},"end":{"line":149,"column":null}},"75":{"start":{"line":150,"column":8},"end":{"line":165,"column":null}},"76":{"start":{"line":151,"column":34},"end":{"line":151,"column":61}},"77":{"start":{"line":152,"column":12},"end":{"line":159,"column":null}},"78":{"start":{"line":153,"column":16},"end":{"line":158,"column":null}},"79":{"start":{"line":154,"column":42},"end":{"line":154,"column":63}},"80":{"start":{"line":155,"column":20},"end":{"line":157,"column":null}},"81":{"start":{"line":156,"column":24},"end":{"line":156,"column":null}},"82":{"start":{"line":160,"column":12},"end":{"line":160,"column":null}},"83":{"start":{"line":163,"column":12},"end":{"line":163,"column":null}},"84":{"start":{"line":164,"column":12},"end":{"line":164,"column":null}},"85":{"start":{"line":168,"column":11},"end":{"line":178,"column":null}},"86":{"start":{"line":169,"column":8},"end":{"line":169,"column":null}},"87":{"start":{"line":170,"column":8},"end":{"line":177,"column":null}},"88":{"start":{"line":171,"column":12},"end":{"line":171,"column":null}},"89":{"start":{"line":172,"column":12},"end":{"line":172,"column":null}},"90":{"start":{"line":175,"column":12},"end":{"line":175,"column":null}},"91":{"start":{"line":176,"column":12},"end":{"line":176,"column":null}},"92":{"start":{"line":183,"column":11},"end":{"line":194,"column":null}},"93":{"start":{"line":184,"column":22},"end":{"line":184,"column":24}},"94":{"start":{"line":185,"column":8},"end":{"line":191,"column":null}},"95":{"start":{"line":185,"column":42},"end":{"line":185,"column":62}},"96":{"start":{"line":185,"column":60},"end":{"line":185,"column":62}},"97":{"start":{"line":185,"column":19},"end":{"line":185,"column":20}},"98":{"start":{"line":185,"column":23},"end":{"line":185,"column":25}},"99":{"start":{"line":185,"column":37},"end":{"line":185,"column":38}},"100":{"start":{"line":186,"column":29},"end":{"line":186,"column":31}},"101":{"start":{"line":187,"column":12},"end":{"line":189,"column":null}},"102":{"start":{"line":187,"column":46},"end":{"line":187,"column":60}},"103":{"start":{"line":187,"column":58},"end":{"line":187,"column":60}},"104":{"start":{"line":187,"column":23},"end":{"line":187,"column":24}},"105":{"start":{"line":187,"column":27},"end":{"line":187,"column":29}},"106":{"start":{"line":187,"column":41},"end":{"line":187,"column":42}},"107":{"start":{"line":188,"column":16},"end":{"line":188,"column":null}},"108":{"start":{"line":190,"column":12},"end":{"line":190,"column":null}},"109":{"start":{"line":192,"column":40},"end":{"line":192,"column":61}},"110":{"start":{"line":193,"column":8},"end":{"line":193,"column":null}},"111":{"start":{"line":199,"column":11},"end":{"line":218,"column":null}},"112":{"start":{"line":200,"column":8},"end":{"line":217,"column":null}},"113":{"start":{"line":201,"column":44},"end":{"line":201,"column":136}},"114":{"start":{"line":202,"column":34},"end":{"line":202,"column":69}},"115":{"start":{"line":203,"column":12},"end":{"line":213,"column":null}},"116":{"start":{"line":203,"column":39},"end":{"line":203,"column":54}},"117":{"start":{"line":203,"column":52},"end":{"line":203,"column":54}},"118":{"start":{"line":203,"column":35},"end":{"line":203,"column":39}},"119":{"start":{"line":204,"column":28},"end":{"line":204,"column":54}},"120":{"start":{"line":205,"column":40},"end":{"line":205,"column":109}},"121":{"start":{"line":206,"column":67},"end":{"line":206,"column":76}},"122":{"start":{"line":207,"column":16},"end":{"line":211,"column":null}},"123":{"start":{"line":207,"column":36},"end":{"line":207,"column":53}},"124":{"start":{"line":207,"column":51},"end":{"line":207,"column":53}},"125":{"start":{"line":207,"column":32},"end":{"line":207,"column":36}},"126":{"start":{"line":208,"column":32},"end":{"line":208,"column":41}},"127":{"start":{"line":209,"column":40},"end":{"line":209,"column":57}},"128":{"start":{"line":210,"column":20},"end":{"line":210,"column":null}},"129":{"start":{"line":212,"column":16},"end":{"line":212,"column":null}},"130":{"start":{"line":215,"column":26},"end":{"line":215,"column":43}},"131":{"start":{"line":216,"column":12},"end":{"line":216,"column":null}},"132":{"start":{"line":219,"column":0},"end":{"line":219,"column":null}},"133":{"start":{"line":221,"column":13},"end":{"line":221,"column":null}}},"fnMap":{"0":{"name":"(anonymous_4)","decl":{"start":{"line":15,"column":0},"end":{"line":15,"column":null}},"loc":{"start":{"line":15,"column":0},"end":{"line":219,"column":null}}},"1":{"name":"(anonymous_6)","decl":{"start":{"line":18,"column":4},"end":{"line":18,"column":18}},"loc":{"start":{"line":18,"column":4},"end":{"line":23,"column":5}}},"2":{"name":"(anonymous_7)","decl":{"start":{"line":30,"column":4},"end":{"line":30,"column":11}},"loc":{"start":{"line":30,"column":54},"end":{"line":44,"column":5}}},"3":{"name":"(anonymous_8)","decl":{"start":{"line":51,"column":4},"end":{"line":51,"column":11}},"loc":{"start":{"line":51,"column":54},"end":{"line":63,"column":5}}},"4":{"name":"(anonymous_9)","decl":{"start":{"line":69,"column":4},"end":{"line":69,"column":11}},"loc":{"start":{"line":69,"column":44},"end":{"line":80,"column":5}}},"5":{"name":"(anonymous_10)","decl":{"start":{"line":87,"column":4},"end":{"line":87,"column":11}},"loc":{"start":{"line":87,"column":50},"end":{"line":98,"column":5}}},"6":{"name":"(anonymous_11)","decl":{"start":{"line":106,"column":4},"end":{"line":106,"column":11}},"loc":{"start":{"line":106,"column":72},"end":{"line":122,"column":5}}},"7":{"name":"(anonymous_12)","decl":{"start":{"line":130,"column":4},"end":{"line":130,"column":11}},"loc":{"start":{"line":130,"column":75},"end":{"line":146,"column":5}}},"8":{"name":"(anonymous_13)","decl":{"start":{"line":148,"column":4},"end":{"line":148,"column":11}},"loc":{"start":{"line":148,"column":69},"end":{"line":166,"column":5}}},"9":{"name":"(anonymous_14)","decl":{"start":{"line":168,"column":4},"end":{"line":168,"column":11}},"loc":{"start":{"line":168,"column":80},"end":{"line":178,"column":5}}},"10":{"name":"(anonymous_15)","decl":{"start":{"line":183,"column":4},"end":{"line":183,"column":11}},"loc":{"start":{"line":183,"column":4},"end":{"line":194,"column":5}}},"11":{"name":"(anonymous_16)","decl":{"start":{"line":199,"column":4},"end":{"line":199,"column":11}},"loc":{"start":{"line":199,"column":4},"end":{"line":218,"column":5}}}},"branchMap":{"0":{"loc":{"start":{"line":19,"column":8},"end":{"line":21,"column":null}},"type":"if","locations":[{"start":{"line":19,"column":8},"end":{"line":21,"column":null}}]},"1":{"loc":{"start":{"line":33,"column":8},"end":{"line":35,"column":null}},"type":"if","locations":[{"start":{"line":33,"column":8},"end":{"line":35,"column":null}}]},"2":{"loc":{"start":{"line":37,"column":8},"end":{"line":43,"column":null}},"type":"if","locations":[{"start":{"line":37,"column":8},"end":{"line":43,"column":null}},{"start":{"line":41,"column":15},"end":{"line":43,"column":null}}]},"3":{"loc":{"start":{"line":53,"column":8},"end":{"line":55,"column":null}},"type":"if","locations":[{"start":{"line":53,"column":8},"end":{"line":55,"column":null}}]},"4":{"loc":{"start":{"line":57,"column":8},"end":{"line":62,"column":null}},"type":"if","locations":[{"start":{"line":57,"column":8},"end":{"line":62,"column":null}},{"start":{"line":60,"column":15},"end":{"line":62,"column":null}}]},"5":{"loc":{"start":{"line":71,"column":8},"end":{"line":73,"column":null}},"type":"if","locations":[{"start":{"line":71,"column":8},"end":{"line":73,"column":null}}]},"6":{"loc":{"start":{"line":75,"column":8},"end":{"line":79,"column":null}},"type":"if","locations":[{"start":{"line":75,"column":8},"end":{"line":79,"column":null}},{"start":{"line":77,"column":15},"end":{"line":79,"column":null}}]},"7":{"loc":{"start":{"line":89,"column":8},"end":{"line":91,"column":null}},"type":"if","locations":[{"start":{"line":89,"column":8},"end":{"line":91,"column":null}}]},"8":{"loc":{"start":{"line":93,"column":8},"end":{"line":97,"column":null}},"type":"if","locations":[{"start":{"line":93,"column":8},"end":{"line":97,"column":null}},{"start":{"line":95,"column":15},"end":{"line":97,"column":null}}]},"9":{"loc":{"start":{"line":93,"column":12},"end":{"line":93,"column":63}},"type":"binary-expr","locations":[{"start":{"line":93,"column":12},"end":{"line":93,"column":24}},{"start":{"line":93,"column":28},"end":{"line":93,"column":63}}]},"10":{"loc":{"start":{"line":108,"column":8},"end":{"line":110,"column":null}},"type":"if","locations":[{"start":{"line":108,"column":8},"end":{"line":110,"column":null}}]},"11":{"loc":{"start":{"line":112,"column":8},"end":{"line":121,"column":null}},"type":"if","locations":[{"start":{"line":112,"column":8},"end":{"line":121,"column":null}},{"start":{"line":119,"column":15},"end":{"line":121,"column":null}}]},"12":{"loc":{"start":{"line":113,"column":12},"end":{"line":115,"column":null}},"type":"if","locations":[{"start":{"line":113,"column":12},"end":{"line":115,"column":null}}]},"13":{"loc":{"start":{"line":117,"column":12},"end":{"line":117,"column":54}},"type":"cond-expr","locations":[{"start":{"line":117,"column":24},"end":{"line":117,"column":26}},{"start":{"line":117,"column":12},"end":{"line":117,"column":54}}]},"14":{"loc":{"start":{"line":117,"column":12},"end":{"line":117,"column":26}},"type":"binary-expr","locations":[{"start":{"line":117,"column":12},"end":{"line":117,"column":26}},{"start":{"line":117,"column":12},"end":{"line":117,"column":26}}]},"15":{"loc":{"start":{"line":132,"column":8},"end":{"line":134,"column":null}},"type":"if","locations":[{"start":{"line":132,"column":8},"end":{"line":134,"column":null}}]},"16":{"loc":{"start":{"line":136,"column":8},"end":{"line":145,"column":null}},"type":"if","locations":[{"start":{"line":136,"column":8},"end":{"line":145,"column":null}},{"start":{"line":143,"column":15},"end":{"line":145,"column":null}}]},"17":{"loc":{"start":{"line":137,"column":12},"end":{"line":139,"column":null}},"type":"if","locations":[{"start":{"line":137,"column":12},"end":{"line":139,"column":null}}]},"18":{"loc":{"start":{"line":141,"column":12},"end":{"line":141,"column":57}},"type":"cond-expr","locations":[{"start":{"line":141,"column":24},"end":{"line":141,"column":26}},{"start":{"line":141,"column":12},"end":{"line":141,"column":57}}]},"19":{"loc":{"start":{"line":141,"column":12},"end":{"line":141,"column":26}},"type":"binary-expr","locations":[{"start":{"line":141,"column":12},"end":{"line":141,"column":26}},{"start":{"line":141,"column":12},"end":{"line":141,"column":26}}]},"20":{"loc":{"start":{"line":150,"column":8},"end":{"line":165,"column":null}},"type":"if","locations":[{"start":{"line":150,"column":8},"end":{"line":165,"column":null}},{"start":{"line":161,"column":15},"end":{"line":165,"column":null}}]},"21":{"loc":{"start":{"line":152,"column":12},"end":{"line":159,"column":null}},"type":"if","locations":[{"start":{"line":152,"column":12},"end":{"line":159,"column":null}}]},"22":{"loc":{"start":{"line":153,"column":16},"end":{"line":158,"column":null}},"type":"if","locations":[{"start":{"line":153,"column":16},"end":{"line":158,"column":null}}]},"23":{"loc":{"start":{"line":155,"column":20},"end":{"line":157,"column":null}},"type":"if","locations":[{"start":{"line":155,"column":20},"end":{"line":157,"column":null}}]},"24":{"loc":{"start":{"line":170,"column":8},"end":{"line":177,"column":null}},"type":"if","locations":[{"start":{"line":170,"column":8},"end":{"line":177,"column":null}},{"start":{"line":173,"column":15},"end":{"line":177,"column":null}}]}},"s":{"0":3,"1":3,"2":3,"3":3,"4":3,"5":3,"6":3,"7":3,"8":3,"9":3,"10":3,"11":3,"12":3,"13":3,"14":6,"15":6,"16":6,"17":1,"18":5,"19":5,"20":1,"21":1,"22":1,"23":4,"24":3,"25":2,"26":2,"27":1,"28":1,"29":1,"30":1,"31":1,"32":0,"33":3,"34":2,"35":2,"36":1,"37":1,"38":1,"39":1,"40":0,"41":3,"42":2,"43":2,"44":1,"45":1,"46":1,"47":0,"48":1,"49":3,"50":3,"51":3,"52":1,"53":2,"54":2,"55":2,"56":0,"57":2,"58":2,"59":2,"60":0,"61":3,"62":2,"63":2,"64":1,"65":1,"66":1,"67":1,"68":0,"69":1,"70":1,"71":1,"72":0,"73":3,"74":2,"75":2,"76":1,"77":1,"78":1,"79":1,"80":1,"81":1,"82":0,"83":1,"84":1,"85":3,"86":2,"87":2,"88":1,"89":1,"90":1,"91":1,"92":3,"93":1,"94":1,"95":1,"96":1,"97":1,"98":1,"99":1,"100":1,"101":1,"102":1,"103":1,"104":1,"105":1,"106":1,"107":1,"108":1,"109":1,"110":1,"111":3,"112":1,"113":1,"114":1,"115":0,"116":0,"117":0,"118":0,"119":0,"120":0,"121":0,"122":0,"123":0,"124":0,"125":0,"126":0,"127":0,"128":0,"129":0,"130":1,"131":1,"132":3,"133":3},"f":{"0":6,"1":3,"2":6,"3":2,"4":2,"5":2,"6":3,"7":2,"8":2,"9":2,"10":1,"11":1},"b":{"0":[3],"1":[1],"2":[1,4],"3":[1],"4":[1,0],"5":[1],"6":[1,0],"7":[1],"8":[0,1],"9":[1,1],"10":[1],"11":[2,0],"12":[0],"13":[0,2],"14":[2,2],"15":[1],"16":[1,0],"17":[0],"18":[0,1],"19":[1,1],"20":[1,1],"21":[1],"22":[1],"23":[1],"24":[1,1]}}
,"/Users/peterdrahovsky/Documents/bavenir/AURORAL/gateway-js/src/core/networkMessages.ts": {"path":"/Users/peterdrahovsky/Documents/bavenir/AURORAL/gateway-js/src/core/networkMessages.ts","statementMap":{"0":{"start":{"line":1,"column":0},"end":{"line":1,"column":60}},"1":{"start":{"line":2,"column":0},"end":{"line":2,"column":32}},"2":{"start":{"line":4,"column":0},"end":{"line":4,"column":67}},"3":{"start":{"line":14,"column":4},"end":{"line":27,"column":null}},"4":{"start":{"line":15,"column":27},"end":{"line":15,"column":53}},"5":{"start":{"line":16,"column":8},"end":{"line":26,"column":null}},"6":{"start":{"line":17,"column":12},"end":{"line":22,"column":null}},"7":{"start":{"line":18,"column":16},"end":{"line":20,"column":null}},"8":{"start":{"line":19,"column":20},"end":{"line":19,"column":null}},"9":{"start":{"line":21,"column":16},"end":{"line":21,"column":null}},"10":{"start":{"line":23,"column":12},"end":{"line":23,"column":null}},"11":{"start":{"line":25,"column":12},"end":{"line":25,"column":null}},"12":{"start":{"line":13,"column":1},"end":{"line":13,"column":17}},"13":{"start":{"line":38,"column":4},"end":{"line":51,"column":null}},"14":{"start":{"line":39,"column":27},"end":{"line":39,"column":49}},"15":{"start":{"line":40,"column":8},"end":{"line":50,"column":null}},"16":{"start":{"line":41,"column":12},"end":{"line":41,"column":null}},"17":{"start":{"line":42,"column":12},"end":{"line":47,"column":null}},"18":{"start":{"line":43,"column":16},"end":{"line":45,"column":null}},"19":{"start":{"line":44,"column":20},"end":{"line":44,"column":null}},"20":{"start":{"line":46,"column":16},"end":{"line":46,"column":null}},"21":{"start":{"line":49,"column":12},"end":{"line":49,"column":null}},"22":{"start":{"line":37,"column":0},"end":{"line":37,"column":16}},"23":{"start":{"line":64,"column":4},"end":{"line":76,"column":null}},"24":{"start":{"line":65,"column":27},"end":{"line":65,"column":49}},"25":{"start":{"line":66,"column":8},"end":{"line":75,"column":null}},"26":{"start":{"line":67,"column":12},"end":{"line":72,"column":null}},"27":{"start":{"line":68,"column":16},"end":{"line":70,"column":null}},"28":{"start":{"line":69,"column":20},"end":{"line":69,"column":null}},"29":{"start":{"line":71,"column":16},"end":{"line":71,"column":null}},"30":{"start":{"line":74,"column":12},"end":{"line":74,"column":null}},"31":{"start":{"line":63,"column":0},"end":{"line":63,"column":16}},"32":{"start":{"line":87,"column":4},"end":{"line":100,"column":null}},"33":{"start":{"line":88,"column":27},"end":{"line":88,"column":53}},"34":{"start":{"line":89,"column":8},"end":{"line":99,"column":null}},"35":{"start":{"line":90,"column":12},"end":{"line":95,"column":null}},"36":{"start":{"line":91,"column":16},"end":{"line":93,"column":null}},"37":{"start":{"line":92,"column":20},"end":{"line":92,"column":null}},"38":{"start":{"line":94,"column":16},"end":{"line":94,"column":null}},"39":{"start":{"line":96,"column":12},"end":{"line":96,"column":null}},"40":{"start":{"line":98,"column":12},"end":{"line":98,"column":null}},"41":{"start":{"line":86,"column":1},"end":{"line":86,"column":17}},"42":{"start":{"line":112,"column":4},"end":{"line":124,"column":null}},"43":{"start":{"line":113,"column":27},"end":{"line":113,"column":49}},"44":{"start":{"line":114,"column":8},"end":{"line":123,"column":null}},"45":{"start":{"line":115,"column":12},"end":{"line":120,"column":null}},"46":{"start":{"line":116,"column":16},"end":{"line":118,"column":null}},"47":{"start":{"line":117,"column":20},"end":{"line":117,"column":null}},"48":{"start":{"line":119,"column":16},"end":{"line":119,"column":null}},"49":{"start":{"line":122,"column":12},"end":{"line":122,"column":null}},"50":{"start":{"line":111,"column":0},"end":{"line":111,"column":16}},"51":{"start":{"line":135,"column":4},"end":{"line":147,"column":null}},"52":{"start":{"line":136,"column":27},"end":{"line":136,"column":49}},"53":{"start":{"line":137,"column":8},"end":{"line":146,"column":null}},"54":{"start":{"line":138,"column":12},"end":{"line":143,"column":null}},"55":{"start":{"line":139,"column":16},"end":{"line":141,"column":null}},"56":{"start":{"line":140,"column":20},"end":{"line":140,"column":null}},"57":{"start":{"line":142,"column":16},"end":{"line":142,"column":null}},"58":{"start":{"line":145,"column":12},"end":{"line":145,"column":null}},"59":{"start":{"line":134,"column":0},"end":{"line":134,"column":16}},"60":{"start":{"line":156,"column":38},"end":{"line":170,"column":null}},"61":{"start":{"line":157,"column":4},"end":{"line":169,"column":null}},"62":{"start":{"line":158,"column":27},"end":{"line":158,"column":49}},"63":{"start":{"line":159,"column":8},"end":{"line":168,"column":null}},"64":{"start":{"line":160,"column":12},"end":{"line":165,"column":null}},"65":{"start":{"line":161,"column":16},"end":{"line":163,"column":null}},"66":{"start":{"line":162,"column":20},"end":{"line":162,"column":null}},"67":{"start":{"line":164,"column":16},"end":{"line":164,"column":null}},"68":{"start":{"line":167,"column":12},"end":{"line":167,"column":null}},"69":{"start":{"line":156,"column":14},"end":{"line":156,"column":38}}},"fnMap":{"0":{"name":"addSubscriberNetwork","decl":{"start":{"line":13,"column":17},"end":{"line":13,"column":37}},"loc":{"start":{"line":13,"column":85},"end":{"line":28,"column":1}}},"1":{"name":"(anonymous_14)","decl":{"start":{"line":14,"column":23},"end":{"line":14,"column":24}},"loc":{"start":{"line":14,"column":39},"end":{"line":27,"column":5}}},"2":{"name":"(anonymous_15)","decl":{"start":{"line":17,"column":121},"end":{"line":17,"column":122}},"loc":{"start":{"line":17,"column":153},"end":{"line":22,"column":13}}},"3":{"name":"getPropertyNetwork","decl":{"start":{"line":37,"column":16},"end":{"line":37,"column":34}},"loc":{"start":{"line":37,"column":78},"end":{"line":52,"column":1}}},"4":{"name":"(anonymous_17)","decl":{"start":{"line":38,"column":23},"end":{"line":38,"column":24}},"loc":{"start":{"line":38,"column":39},"end":{"line":51,"column":5}}},"5":{"name":"(anonymous_18)","decl":{"start":{"line":42,"column":114},"end":{"line":42,"column":115}},"loc":{"start":{"line":42,"column":146},"end":{"line":47,"column":13}}},"6":{"name":"putPropertyNetwork","decl":{"start":{"line":63,"column":16},"end":{"line":63,"column":34}},"loc":{"start":{"line":63,"column":94},"end":{"line":77,"column":1}}},"7":{"name":"(anonymous_20)","decl":{"start":{"line":64,"column":23},"end":{"line":64,"column":24}},"loc":{"start":{"line":64,"column":39},"end":{"line":76,"column":5}}},"8":{"name":"(anonymous_21)","decl":{"start":{"line":67,"column":114},"end":{"line":67,"column":115}},"loc":{"start":{"line":67,"column":146},"end":{"line":72,"column":13}}},"9":{"name":"removeSubscriberNetwork","decl":{"start":{"line":86,"column":17},"end":{"line":86,"column":40}},"loc":{"start":{"line":86,"column":88},"end":{"line":101,"column":1}}},"10":{"name":"(anonymous_23)","decl":{"start":{"line":87,"column":23},"end":{"line":87,"column":24}},"loc":{"start":{"line":87,"column":39},"end":{"line":100,"column":5}}},"11":{"name":"(anonymous_24)","decl":{"start":{"line":90,"column":125},"end":{"line":90,"column":126}},"loc":{"start":{"line":90,"column":157},"end":{"line":95,"column":13}}},"12":{"name":"getEventChannelStatusNetwork","decl":{"start":{"line":111,"column":16},"end":{"line":111,"column":44}},"loc":{"start":{"line":111,"column":88},"end":{"line":125,"column":1}}},"13":{"name":"(anonymous_26)","decl":{"start":{"line":112,"column":23},"end":{"line":112,"column":24}},"loc":{"start":{"line":112,"column":39},"end":{"line":124,"column":5}}},"14":{"name":"(anonymous_27)","decl":{"start":{"line":115,"column":119},"end":{"line":115,"column":120}},"loc":{"start":{"line":115,"column":151},"end":{"line":120,"column":13}}},"15":{"name":"sendEventNetwork","decl":{"start":{"line":134,"column":16},"end":{"line":134,"column":32}},"loc":{"start":{"line":134,"column":92},"end":{"line":148,"column":1}}},"16":{"name":"(anonymous_29)","decl":{"start":{"line":135,"column":23},"end":{"line":135,"column":24}},"loc":{"start":{"line":135,"column":39},"end":{"line":147,"column":5}}},"17":{"name":"(anonymous_30)","decl":{"start":{"line":138,"column":112},"end":{"line":138,"column":113}},"loc":{"start":{"line":138,"column":144},"end":{"line":143,"column":13}}},"18":{"name":"(anonymous_31)","decl":{"start":{"line":156,"column":38},"end":{"line":156,"column":54}},"loc":{"start":{"line":156,"column":114},"end":{"line":170,"column":null}}},"19":{"name":"(anonymous_34)","decl":{"start":{"line":157,"column":23},"end":{"line":157,"column":24}},"loc":{"start":{"line":157,"column":39},"end":{"line":169,"column":5}}},"20":{"name":"(anonymous_35)","decl":{"start":{"line":160,"column":141},"end":{"line":160,"column":142}},"loc":{"start":{"line":160,"column":173},"end":{"line":165,"column":13}}}},"branchMap":{"0":{"loc":{"start":{"line":16,"column":8},"end":{"line":26,"column":null}},"type":"if","locations":[{"start":{"line":16,"column":8},"end":{"line":26,"column":null}},{"start":{"line":24,"column":15},"end":{"line":26,"column":null}}]},"1":{"loc":{"start":{"line":18,"column":16},"end":{"line":20,"column":null}},"type":"if","locations":[{"start":{"line":18,"column":16},"end":{"line":20,"column":null}}]},"2":{"loc":{"start":{"line":40,"column":8},"end":{"line":50,"column":null}},"type":"if","locations":[{"start":{"line":40,"column":8},"end":{"line":50,"column":null}},{"start":{"line":48,"column":15},"end":{"line":50,"column":null}}]},"3":{"loc":{"start":{"line":43,"column":16},"end":{"line":45,"column":null}},"type":"if","locations":[{"start":{"line":43,"column":16},"end":{"line":45,"column":null}}]},"4":{"loc":{"start":{"line":66,"column":8},"end":{"line":75,"column":null}},"type":"if","locations":[{"start":{"line":66,"column":8},"end":{"line":75,"column":null}},{"start":{"line":73,"column":15},"end":{"line":75,"column":null}}]},"5":{"loc":{"start":{"line":68,"column":16},"end":{"line":70,"column":null}},"type":"if","locations":[{"start":{"line":68,"column":16},"end":{"line":70,"column":null}}]},"6":{"loc":{"start":{"line":89,"column":8},"end":{"line":99,"column":null}},"type":"if","locations":[{"start":{"line":89,"column":8},"end":{"line":99,"column":null}},{"start":{"line":97,"column":15},"end":{"line":99,"column":null}}]},"7":{"loc":{"start":{"line":91,"column":16},"end":{"line":93,"column":null}},"type":"if","locations":[{"start":{"line":91,"column":16},"end":{"line":93,"column":null}}]},"8":{"loc":{"start":{"line":114,"column":8},"end":{"line":123,"column":null}},"type":"if","locations":[{"start":{"line":114,"column":8},"end":{"line":123,"column":null}},{"start":{"line":121,"column":15},"end":{"line":123,"column":null}}]},"9":{"loc":{"start":{"line":116,"column":16},"end":{"line":118,"column":null}},"type":"if","locations":[{"start":{"line":116,"column":16},"end":{"line":118,"column":null}}]},"10":{"loc":{"start":{"line":137,"column":8},"end":{"line":146,"column":null}},"type":"if","locations":[{"start":{"line":137,"column":8},"end":{"line":146,"column":null}},{"start":{"line":144,"column":15},"end":{"line":146,"column":null}}]},"11":{"loc":{"start":{"line":139,"column":16},"end":{"line":141,"column":null}},"type":"if","locations":[{"start":{"line":139,"column":16},"end":{"line":141,"column":null}}]},"12":{"loc":{"start":{"line":159,"column":8},"end":{"line":168,"column":null}},"type":"if","locations":[{"start":{"line":159,"column":8},"end":{"line":168,"column":null}},{"start":{"line":166,"column":15},"end":{"line":168,"column":null}}]},"13":{"loc":{"start":{"line":160,"column":50},"end":{"line":160,"column":72}},"type":"cond-expr","locations":[{"start":{"line":160,"column":59},"end":{"line":160,"column":65}},{"start":{"line":160,"column":68},"end":{"line":160,"column":72}}]},"14":{"loc":{"start":{"line":161,"column":16},"end":{"line":163,"column":null}},"type":"if","locations":[{"start":{"line":161,"column":16},"end":{"line":163,"column":null}}]}},"s":{"0":1,"1":1,"2":1,"3":3,"4":3,"5":3,"6":2,"7":2,"8":1,"9":2,"10":2,"11":1,"12":1,"13":3,"14":3,"15":3,"16":2,"17":2,"18":2,"19":1,"20":2,"21":1,"22":1,"23":3,"24":3,"25":3,"26":2,"27":2,"28":1,"29":2,"30":1,"31":1,"32":3,"33":3,"34":3,"35":2,"36":2,"37":1,"38":2,"39":2,"40":1,"41":1,"42":3,"43":3,"44":3,"45":2,"46":2,"47":1,"48":2,"49":1,"50":1,"51":3,"52":3,"53":3,"54":2,"55":2,"56":1,"57":2,"58":1,"59":1,"60":1,"61":4,"62":4,"63":4,"64":3,"65":3,"66":1,"67":3,"68":1,"69":1},"f":{"0":3,"1":3,"2":2,"3":3,"4":3,"5":2,"6":3,"7":3,"8":2,"9":3,"10":3,"11":2,"12":3,"13":3,"14":2,"15":3,"16":3,"17":2,"18":4,"19":4,"20":3},"b":{"0":[2,1],"1":[1],"2":[2,1],"3":[1],"4":[2,1],"5":[1],"6":[2,1],"7":[1],"8":[2,1],"9":[1],"10":[2,1],"11":[1],"12":[3,1],"13":[1,2],"14":[1]}}
,"/Users/peterdrahovsky/Documents/bavenir/AURORAL/gateway-js/src/core/properties.ts": {"path":"/Users/peterdrahovsky/Documents/bavenir/AURORAL/gateway-js/src/core/properties.ts","statementMap":{"0":{"start":{"line":1,"column":0},"end":{"line":1,"column":32}},"1":{"start":{"line":3,"column":0},"end":{"line":3,"column":53}},"2":{"start":{"line":14,"column":8},"end":{"line":14,"column":9}},"3":{"start":{"line":15,"column":8},"end":{"line":15,"column":null}},"4":{"start":{"line":17,"column":25},"end":{"line":17,"column":null}},"5":{"start":{"line":17,"column":14},"end":{"line":17,"column":null}},"6":{"start":{"line":18,"column":8},"end":{"line":18,"column":null}},"7":{"start":{"line":13,"column":0},"end":{"line":13,"column":22}},"8":{"start":{"line":23,"column":8},"end":{"line":23,"column":9}},"9":{"start":{"line":24,"column":8},"end":{"line":24,"column":null}},"10":{"start":{"line":26,"column":25},"end":{"line":26,"column":null}},"11":{"start":{"line":26,"column":14},"end":{"line":26,"column":null}},"12":{"start":{"line":27,"column":8},"end":{"line":27,"column":null}},"13":{"start":{"line":22,"column":0},"end":{"line":22,"column":22}}},"fnMap":{"0":{"name":"getPropertyLocaly","decl":{"start":{"line":13,"column":22},"end":{"line":13,"column":39}},"loc":{"start":{"line":13,"column":83},"end":{"line":20,"column":null}}},"1":{"name":"putPropertyLocaly","decl":{"start":{"line":22,"column":22},"end":{"line":22,"column":39}},"loc":{"start":{"line":22,"column":99},"end":{"line":29,"column":null}}}},"branchMap":{"0":{"loc":{"start":{"line":17,"column":25},"end":{"line":17,"column":null}},"type":"switch","locations":[{"start":{"line":17,"column":25},"end":{"line":17,"column":null}}]},"1":{"loc":{"start":{"line":14,"column":8},"end":{"line":14,"column":9}},"type":"if","locations":[{"start":{"line":14,"column":8},"end":{"line":14,"column":9}}]},"2":{"loc":{"start":{"line":26,"column":25},"end":{"line":26,"column":null}},"type":"switch","locations":[{"start":{"line":26,"column":25},"end":{"line":26,"column":null}}]},"3":{"loc":{"start":{"line":23,"column":8},"end":{"line":23,"column":9}},"type":"if","locations":[{"start":{"line":23,"column":8},"end":{"line":23,"column":9}}]}},"s":{"0":1,"1":1,"2":3,"3":1,"4":1,"5":1,"6":1,"7":1,"8":3,"9":1,"10":1,"11":1,"12":1,"13":1},"f":{"0":2,"1":2},"b":{"0":[1],"1":[1],"2":[1],"3":[1]}}
,"/Users/peterdrahovsky/Documents/bavenir/AURORAL/gateway-js/src/core/records.ts": {"path":"/Users/peterdrahovsky/Documents/bavenir/AURORAL/gateway-js/src/core/records.ts","statementMap":{"0":{"start":{"line":1,"column":0},"end":{"line":1,"column":72}},"1":{"start":{"line":2,"column":0},"end":{"line":2,"column":98}},"2":{"start":{"line":3,"column":0},"end":{"line":3,"column":47}},"3":{"start":{"line":7,"column":28},"end":{"line":7,"column":30}},"4":{"start":{"line":8,"column":39},"end":{"line":8,"column":131}},"5":{"start":{"line":9,"column":22},"end":{"line":9,"column":23}},"6":{"start":{"line":10,"column":36},"end":{"line":15,"column":12}},"7":{"start":{"line":11,"column":4},"end":{"line":14,"column":null}},"8":{"start":{"line":12,"column":8},"end":{"line":12,"column":null}},"9":{"start":{"line":13,"column":8},"end":{"line":13,"column":null}},"10":{"start":{"line":18,"column":25},"end":{"line":46,"column":null}},"11":{"start":{"line":24,"column":25},"end":{"line":46,"column":null}},"12":{"start":{"line":25,"column":4},"end":{"line":37,"column":null}},"13":{"start":{"line":39,"column":4},"end":{"line":39,"column":null}},"14":{"start":{"line":41,"column":4},"end":{"line":45,"column":null}},"15":{"start":{"line":42,"column":8},"end":{"line":42,"column":null}},"16":{"start":{"line":44,"column":8},"end":{"line":44,"column":null}},"17":{"start":{"line":18,"column":13},"end":{"line":18,"column":25}},"18":{"start":{"line":48,"column":27},"end":{"line":65,"column":null}},"19":{"start":{"line":51,"column":12},"end":{"line":51,"column":19}},"20":{"start":{"line":52,"column":12},"end":{"line":52,"column":null}},"21":{"start":{"line":54,"column":18},"end":{"line":54,"column":null}},"22":{"start":{"line":56,"column":12},"end":{"line":56,"column":null}},"23":{"start":{"line":58,"column":12},"end":{"line":58,"column":null}},"24":{"start":{"line":61,"column":14},"end":{"line":61,"column":null}},"25":{"start":{"line":62,"column":8},"end":{"line":62,"column":null}},"26":{"start":{"line":48,"column":13},"end":{"line":48,"column":27}}},"fnMap":{"0":{"name":"(anonymous_15)","decl":{"start":{"line":10,"column":48},"end":{"line":10,"column":null}},"loc":{"start":{"line":10,"column":48},"end":{"line":15,"column":3}}},"1":{"name":"(anonymous_16)","decl":{"start":{"line":18,"column":25},"end":{"line":18,"column":32}},"loc":{"start":{"line":24,"column":25},"end":{"line":46,"column":null}}},"2":{"name":"(anonymous_17)","decl":{"start":{"line":24,"column":25},"end":{"line":24,"column":null}},"loc":{"start":{"line":24,"column":25},"end":{"line":46,"column":null}}},"3":{"name":"(anonymous_19)","decl":{"start":{"line":48,"column":27},"end":{"line":48,"column":null}},"loc":{"start":{"line":48,"column":27},"end":{"line":65,"column":null}}}},"branchMap":{"0":{"loc":{"start":{"line":11,"column":4},"end":{"line":14,"column":null}},"type":"if","locations":[{"start":{"line":11,"column":4},"end":{"line":14,"column":null}}]},"1":{"loc":{"start":{"line":41,"column":4},"end":{"line":45,"column":null}},"type":"if","locations":[{"start":{"line":41,"column":4},"end":{"line":45,"column":null}}]},"2":{"loc":{"start":{"line":51,"column":12},"end":{"line":51,"column":19}},"type":"if","locations":[{"start":{"line":51,"column":12},"end":{"line":51,"column":19}}]}},"s":{"0":4,"1":4,"2":4,"3":4,"4":4,"5":4,"6":4,"7":0,"8":0,"9":0,"10":4,"11":1,"12":1,"13":1,"14":1,"15":0,"16":0,"17":4,"18":5,"19":1,"20":1,"21":1,"22":1,"23":2,"24":0,"25":0,"26":4},"f":{"0":0,"1":1,"2":1,"3":2},"b":{"0":[0],"1":[0],"2":[0]}}
,"/Users/peterdrahovsky/Documents/bavenir/AURORAL/gateway-js/src/core/registrations.ts": {"path":"/Users/peterdrahovsky/Documents/bavenir/AURORAL/gateway-js/src/core/registrations.ts","statementMap":{"0":{"start":{"line":1,"column":0},"end":{"line":1,"column":34}},"1":{"start":{"line":2,"column":0},"end":{"line":2,"column":47}},"2":{"start":{"line":3,"column":0},"end":{"line":3,"column":47}},"3":{"start":{"line":5,"column":0},"end":{"line":5,"column":null}},"4":{"start":{"line":6,"column":12},"end":{"line":6,"column":null}},"5":{"start":{"line":7,"column":12},"end":{"line":7,"column":null}},"6":{"start":{"line":10,"column":8},"end":{"line":10,"column":null}},"7":{"start":{"line":14,"column":17},"end":{"line":16,"column":null}},"8":{"start":{"line":15,"column":8},"end":{"line":15,"column":null}},"9":{"start":{"line":18,"column":17},"end":{"line":20,"column":null}},"10":{"start":{"line":19,"column":8},"end":{"line":19,"column":null}},"11":{"start":{"line":25,"column":18},"end":{"line":35,"column":null}},"12":{"start":{"line":27,"column":29},"end":{"line":27,"column":null}},"13":{"start":{"line":27,"column":18},"end":{"line":27,"column":null}},"14":{"start":{"line":28,"column":12},"end":{"line":28,"column":null}},"15":{"start":{"line":30,"column":12},"end":{"line":30,"column":null}},"16":{"start":{"line":32,"column":18},"end":{"line":32,"column":null}},"17":{"start":{"line":33,"column":12},"end":{"line":33,"column":null}},"18":{"start":{"line":42,"column":17},"end":{"line":44,"column":null}},"19":{"start":{"line":43,"column":8},"end":{"line":43,"column":null}},"20":{"start":{"line":46,"column":1},"end":{"line":46,"column":null}},"21":{"start":{"line":48,"column":14},"end":{"line":48,"column":null}}},"fnMap":{"0":{"name":"(anonymous_15)","decl":{"start":{"line":5,"column":0},"end":{"line":5,"column":null}},"loc":{"start":{"line":5,"column":0},"end":{"line":46,"column":null}}},"1":{"name":"RegistrationsClass","decl":{"start":{"line":9,"column":4},"end":{"line":9,"column":null}},"loc":{"start":{"line":9,"column":4},"end":{"line":11,"column":5}}},"2":{"name":"(anonymous_17)","decl":{"start":{"line":14,"column":4},"end":{"line":14,"column":17}},"loc":{"start":{"line":14,"column":4},"end":{"line":16,"column":null}}},"3":{"name":"(anonymous_20)","decl":{"start":{"line":18,"column":4},"end":{"line":18,"column":17}},"loc":{"start":{"line":18,"column":4},"end":{"line":20,"column":null}}},"4":{"name":"(anonymous_23)","decl":{"start":{"line":25,"column":4},"end":{"line":25,"column":18}},"loc":{"start":{"line":25,"column":4},"end":{"line":35,"column":null}}},"5":{"name":"(anonymous_26)","decl":{"start":{"line":42,"column":4},"end":{"line":42,"column":17}},"loc":{"start":{"line":42,"column":46},"end":{"line":44,"column":null}}}},"branchMap":{"0":{"loc":{"start":{"line":15,"column":8},"end":{"line":15,"column":null}},"type":"switch","locations":[{"start":{"line":15,"column":8},"end":{"line":15,"column":null}}]},"1":{"loc":{"start":{"line":19,"column":8},"end":{"line":19,"column":null}},"type":"switch","locations":[{"start":{"line":19,"column":8},"end":{"line":19,"column":null}}]}},"s":{"0":1,"1":1,"2":1,"3":1,"4":1,"5":1,"6":1,"7":1,"8":2,"9":1,"10":2,"11":1,"12":2,"13":2,"14":2,"15":2,"16":0,"17":0,"18":1,"19":2,"20":1,"21":1},"f":{"0":1,"1":1,"2":1,"3":1,"4":2,"5":2},"b":{"0":[1],"1":[1]}}
,"/Users/peterdrahovsky/Documents/bavenir/AURORAL/gateway-js/src/core/security.ts": {"path":"/Users/peterdrahovsky/Documents/bavenir/AURORAL/gateway-js/src/core/security.ts","statementMap":{"0":{"start":{"line":1,"column":0},"end":{"line":1,"column":30}},"1":{"start":{"line":2,"column":0},"end":{"line":2,"column":19}},"2":{"start":{"line":3,"column":0},"end":{"line":3,"column":23}},"3":{"start":{"line":4,"column":0},"end":{"line":4,"column":34}},"4":{"start":{"line":5,"column":0},"end":{"line":5,"column":33}},"5":{"start":{"line":15,"column":0},"end":{"line":15,"column":null}},"6":{"start":{"line":18,"column":12},"end":{"line":18,"column":null}},"7":{"start":{"line":19,"column":12},"end":{"line":19,"column":null}},"8":{"start":{"line":20,"column":12},"end":{"line":20,"column":null}},"9":{"start":{"line":21,"column":12},"end":{"line":21,"column":null}},"10":{"start":{"line":23,"column":12},"end":{"line":23,"column":null}},"11":{"start":{"line":27,"column":8},"end":{"line":33,"column":null}},"12":{"start":{"line":28,"column":12},"end":{"line":28,"column":null}},"13":{"start":{"line":29,"column":12},"end":{"line":29,"column":null}},"14":{"start":{"line":31,"column":12},"end":{"line":31,"column":null}},"15":{"start":{"line":32,"column":12},"end":{"line":32,"column":null}},"16":{"start":{"line":38,"column":11},"end":{"line":57,"column":null}},"17":{"start":{"line":38,"column":4},"end":{"line":38,"column":11}},"18":{"start":{"line":40,"column":8},"end":{"line":56,"column":null}},"19":{"start":{"line":41,"column":12},"end":{"line":46,"column":null}},"20":{"start":{"line":47,"column":12},"end":{"line":55,"column":null}},"21":{"start":{"line":48,"column":16},"end":{"line":48,"column":null}},"22":{"start":{"line":50,"column":16},"end":{"line":52,"column":null}},"23":{"start":{"line":51,"column":20},"end":{"line":51,"column":null}},"24":{"start":{"line":53,"column":16},"end":{"line":53,"column":null}},"25":{"start":{"line":54,"column":16},"end":{"line":54,"column":null}},"26":{"start":{"line":59,"column":4},"end":{"line":61,"column":null}},"27":{"start":{"line":60,"column":8},"end":{"line":60,"column":null}},"28":{"start":{"line":65,"column":12},"end":{"line":81,"column":null}},"29":{"start":{"line":66,"column":8},"end":{"line":80,"column":null}},"30":{"start":{"line":71,"column":16},"end":{"line":79,"column":null}},"31":{"start":{"line":72,"column":20},"end":{"line":72,"column":null}},"32":{"start":{"line":73,"column":20},"end":{"line":73,"column":null}},"33":{"start":{"line":74,"column":23},"end":{"line":79,"column":null}},"34":{"start":{"line":75,"column":20},"end":{"line":75,"column":null}},"35":{"start":{"line":77,"column":20},"end":{"line":77,"column":null}},"36":{"start":{"line":78,"column":20},"end":{"line":78,"column":null}},"37":{"start":{"line":83,"column":12},"end":{"line":94,"column":null}},"38":{"start":{"line":83,"column":4},"end":{"line":83,"column":12}},"39":{"start":{"line":84,"column":8},"end":{"line":89,"column":null}},"40":{"start":{"line":90,"column":8},"end":{"line":93,"column":null}},"41":{"start":{"line":91,"column":12},"end":{"line":91,"column":null}},"42":{"start":{"line":92,"column":12},"end":{"line":92,"column":null}},"43":{"start":{"line":96,"column":0},"end":{"line":96,"column":null}},"44":{"start":{"line":98,"column":13},"end":{"line":98,"column":null}}},"fnMap":{"0":{"name":"(anonymous_1)","decl":{"start":{"line":15,"column":0},"end":{"line":15,"column":null}},"loc":{"start":{"line":15,"column":0},"end":{"line":96,"column":null}}},"1":{"name":"TokenGenerator","decl":{"start":{"line":25,"column":4},"end":{"line":25,"column":null}},"loc":{"start":{"line":25,"column":4},"end":{"line":34,"column":5}}},"2":{"name":"(anonymous_3)","decl":{"start":{"line":38,"column":4},"end":{"line":38,"column":11}},"loc":{"start":{"line":38,"column":4},"end":{"line":57,"column":5}}},"3":{"name":"(anonymous_4)","decl":{"start":{"line":40,"column":27},"end":{"line":40,"column":28}},"loc":{"start":{"line":40,"column":44},"end":{"line":56,"column":9}}},"4":{"name":"(anonymous_5)","decl":{"start":{"line":47,"column":29},"end":{"line":47,"column":30}},"loc":{"start":{"line":47,"column":35},"end":{"line":55,"column":13}}},"5":{"name":"(anonymous_6)","decl":{"start":{"line":50,"column":48},"end":{"line":50,"column":null}},"loc":{"start":{"line":50,"column":48},"end":{"line":52,"column":17}}},"6":{"name":"(anonymous_7)","decl":{"start":{"line":59,"column":4},"end":{"line":59,"column":15}},"loc":{"start":{"line":59,"column":4},"end":{"line":61,"column":5}}},"7":{"name":"(anonymous_8)","decl":{"start":{"line":65,"column":4},"end":{"line":65,"column":12}},"loc":{"start":{"line":65,"column":58},"end":{"line":81,"column":5}}},"8":{"name":"(anonymous_9)","decl":{"start":{"line":70,"column":12},"end":{"line":70,"column":13}},"loc":{"start":{"line":70,"column":46},"end":{"line":80,"column":13}}},"9":{"name":"(anonymous_10)","decl":{"start":{"line":83,"column":4},"end":{"line":83,"column":12}},"loc":{"start":{"line":83,"column":4},"end":{"line":94,"column":5}}},"10":{"name":"(anonymous_11)","decl":{"start":{"line":90,"column":25},"end":{"line":90,"column":26}},"loc":{"start":{"line":90,"column":31},"end":{"line":93,"column":9}}}},"branchMap":{"0":{"loc":{"start":{"line":71,"column":16},"end":{"line":79,"column":null}},"type":"if","locations":[{"start":{"line":71,"column":16},"end":{"line":79,"column":null}},{"start":{"line":74,"column":23},"end":{"line":79,"column":null}}]},"1":{"loc":{"start":{"line":74,"column":23},"end":{"line":79,"column":null}},"type":"if","locations":[{"start":{"line":74,"column":23},"end":{"line":79,"column":null}},{"start":{"line":76,"column":23},"end":{"line":79,"column":null}}]}},"s":{"0":7,"1":7,"2":7,"3":7,"4":7,"5":7,"6":7,"7":7,"8":7,"9":7,"10":7,"11":7,"12":7,"13":7,"14":0,"15":0,"16":7,"17":0,"18":0,"19":0,"20":0,"21":0,"22":0,"23":0,"24":0,"25":0,"26":7,"27":60,"28":7,"29":0,"30":0,"31":0,"32":0,"33":0,"34":0,"35":0,"36":0,"37":7,"38":0,"39":0,"40":0,"41":0,"42":0,"43":7,"44":7},"f":{"0":7,"1":7,"2":0,"3":0,"4":0,"5":0,"6":60,"7":0,"8":0,"9":0,"10":0},"b":{"0":[0,0],"1":[0,0]}}
,"/Users/peterdrahovsky/Documents/bavenir/AURORAL/gateway-js/src/core/xmpp.class.ts": {"path":"/Users/peterdrahovsky/Documents/bavenir/AURORAL/gateway-js/src/core/xmpp.class.ts","statementMap":{"0":{"start":{"line":1,"column":0},"end":{"line":1,"column":56}},"1":{"start":{"line":2,"column":0},"end":{"line":2,"column":38}},"2":{"start":{"line":3,"column":0},"end":{"line":3,"column":27}},"3":{"start":{"line":4,"column":0},"end":{"line":4,"column":176}},"4":{"start":{"line":5,"column":0},"end":{"line":5,"column":72}},"5":{"start":{"line":6,"column":0},"end":{"line":6,"column":34}},"6":{"start":{"line":8,"column":0},"end":{"line":8,"column":53}},"7":{"start":{"line":9,"column":0},"end":{"line":9,"column":33}},"8":{"start":{"line":10,"column":0},"end":{"line":10,"column":41}},"9":{"start":{"line":11,"column":0},"end":{"line":11,"column":37}},"10":{"start":{"line":12,"column":0},"end":{"line":12,"column":59}},"11":{"start":{"line":14,"column":0},"end":{"line":14,"column":13}},"12":{"start":{"line":27,"column":2},"end":{"line":27,"column":21}},"13":{"start":{"line":19,"column":10},"end":{"line":19,"column":null}},"14":{"start":{"line":20,"column":10},"end":{"line":20,"column":null}},"15":{"start":{"line":21,"column":10},"end":{"line":21,"column":null}},"16":{"start":{"line":22,"column":10},"end":{"line":22,"column":87}},"17":{"start":{"line":23,"column":10},"end":{"line":23,"column":55}},"18":{"start":{"line":28,"column":4},"end":{"line":28,"column":null}},"19":{"start":{"line":29,"column":4},"end":{"line":29,"column":null}},"20":{"start":{"line":30,"column":4},"end":{"line":30,"column":null}},"21":{"start":{"line":32,"column":4},"end":{"line":34,"column":null}},"22":{"start":{"line":33,"column":6},"end":{"line":33,"column":null}},"23":{"start":{"line":35,"column":4},"end":{"line":37,"column":null}},"24":{"start":{"line":36,"column":6},"end":{"line":36,"column":null}},"25":{"start":{"line":38,"column":4},"end":{"line":40,"column":null}},"26":{"start":{"line":39,"column":6},"end":{"line":39,"column":null}},"27":{"start":{"line":41,"column":4},"end":{"line":43,"column":null}},"28":{"start":{"line":42,"column":6},"end":{"line":42,"column":null}},"29":{"start":{"line":48,"column":15},"end":{"line":59,"column":null}},"30":{"start":{"line":49,"column":4},"end":{"line":58,"column":null}},"31":{"start":{"line":51,"column":22},"end":{"line":51,"column":39}},"32":{"start":{"line":53,"column":8},"end":{"line":57,"column":null}},"33":{"start":{"line":54,"column":10},"end":{"line":54,"column":null}},"34":{"start":{"line":55,"column":10},"end":{"line":55,"column":null}},"35":{"start":{"line":56,"column":10},"end":{"line":56,"column":null}},"36":{"start":{"line":61,"column":15},"end":{"line":69,"column":null}},"37":{"start":{"line":63,"column":6},"end":{"line":63,"column":null}},"38":{"start":{"line":64,"column":6},"end":{"line":64,"column":null}},"39":{"start":{"line":66,"column":12},"end":{"line":66,"column":null}},"40":{"start":{"line":67,"column":6},"end":{"line":67,"column":null}},"41":{"start":{"line":71,"column":15},"end":{"line":137,"column":null}},"42":{"start":{"line":75,"column":12},"end":{"line":75,"column":null}},"43":{"start":{"line":76,"column":6},"end":{"line":79,"column":null}},"44":{"start":{"line":77,"column":8},"end":{"line":77,"column":null}},"45":{"start":{"line":78,"column":8},"end":{"line":78,"column":null}},"46":{"start":{"line":82,"column":12},"end":{"line":82,"column":null}},"47":{"start":{"line":85,"column":12},"end":{"line":85,"column":null}},"48":{"start":{"line":88,"column":12},"end":{"line":92,"column":null}},"49":{"start":{"line":93,"column":6},"end":{"line":93,"column":21}},"50":{"start":{"line":93,"column":21},"end":{"line":93,"column":25}},"51":{"start":{"line":93,"column":25},"end":{"line":93,"column":42}},"52":{"start":{"line":93,"column":42},"end":{"line":93,"column":85}},"53":{"start":{"line":93,"column":6},"end":{"line":93,"column":null}},"54":{"start":{"line":94,"column":6},"end":{"line":94,"column":null}},"55":{"start":{"line":95,"column":6},"end":{"line":95,"column":null}},"56":{"start":{"line":97,"column":10},"end":{"line":97,"column":21}},"57":{"start":{"line":100,"column":8},"end":{"line":
[...]
ull}},"6":{"start":{"line":11,"column":2},"end":{"line":11,"column":null}},"7":{"start":{"line":12,"column":2},"end":{"line":12,"column":null}},"8":{"start":{"line":13,"column":2},"end":{"line":13,"column":null}},"9":{"start":{"line":14,"column":2},"end":{"line":14,"column":null}},"10":{"start":{"line":15,"column":2},"end":{"line":15,"column":null}},"11":{"start":{"line":16,"column":2},"end":{"line":16,"column":null}},"12":{"start":{"line":17,"column":2},"end":{"line":17,"column":null}},"13":{"start":{"line":18,"column":2},"end":{"line":18,"column":null}},"14":{"start":{"line":19,"column":2},"end":{"line":19,"column":null}},"15":{"start":{"line":20,"column":2},"end":{"line":20,"column":null}},"16":{"start":{"line":21,"column":2},"end":{"line":21,"column":null}},"17":{"start":{"line":22,"column":2},"end":{"line":22,"column":null}},"18":{"start":{"line":23,"column":2},"end":{"line":23,"column":null}},"19":{"start":{"line":24,"column":2},"end":{"line":24,"column":null}},"20":{"start":{"line":28,"column":0},"end":{"line":28,"column":null}},"21":{"start":{"line":29,"column":2},"end":{"line":29,"column":null}},"22":{"start":{"line":30,"column":2},"end":{"line":30,"column":null}},"23":{"start":{"line":31,"column":2},"end":{"line":31,"column":null}},"24":{"start":{"line":34,"column":0},"end":{"line":34,"column":null}},"25":{"start":{"line":35,"column":2},"end":{"line":35,"column":null}},"26":{"start":{"line":36,"column":2},"end":{"line":36,"column":null}},"27":{"start":{"line":37,"column":2},"end":{"line":37,"column":null}}},"fnMap":{"0":{"name":"(anonymous_0)","decl":{"start":{"line":3,"column":0},"end":{"line":3,"column":12}},"loc":{"start":{"line":3,"column":23},"end":{"line":7,"column":1}}},"1":{"name":"(anonymous_1)","decl":{"start":{"line":9,"column":0},"end":{"line":9,"column":12}},"loc":{"start":{"line":9,"column":28},"end":{"line":25,"column":1}}},"2":{"name":"(anonymous_2)","decl":{"start":{"line":28,"column":0},"end":{"line":28,"column":12}},"loc":{"start":{"line":28,"column":28},"end":{"line":32,"column":1}}},"3":{"name":"(anonymous_3)","decl":{"start":{"line":34,"column":0},"end":{"line":34,"column":12}},"loc":{"start":{"line":34,"column":24},"end":{"line":38,"column":1}}}},"branchMap":{"0":{"loc":{"start":{"line":3,"column":12},"end":{"line":3,"column":null}},"type":"binary-expr","locations":[{"start":{"line":3,"column":12},"end":{"line":3,"column":23}},{"start":{"line":3,"column":12},"end":{"line":3,"column":null}}]},"1":{"loc":{"start":{"line":9,"column":12},"end":{"line":9,"column":null}},"type":"binary-expr","locations":[{"start":{"line":9,"column":12},"end":{"line":9,"column":28}},{"start":{"line":9,"column":12},"end":{"line":9,"column":null}}]},"2":{"loc":{"start":{"line":28,"column":12},"end":{"line":28,"column":null}},"type":"binary-expr","locations":[{"start":{"line":28,"column":12},"end":{"line":28,"column":28}},{"start":{"line":28,"column":12},"end":{"line":28,"column":null}}]},"3":{"loc":{"start":{"line":34,"column":12},"end":{"line":34,"column":null}},"type":"binary-expr","locations":[{"start":{"line":34,"column":12},"end":{"line":34,"column":24}},{"start":{"line":34,"column":12},"end":{"line":34,"column":null}}]}},"s":{"0":4,"1":4,"2":4,"3":4,"4":4,"5":4,"6":4,"7":4,"8":4,"9":4,"10":4,"11":4,"12":4,"13":4,"14":4,"15":4,"16":4,"17":4,"18":4,"19":4,"20":4,"21":4,"22":4,"23":4,"24":4,"25":4,"26":4,"27":4},"f":{"0":4,"1":4,"2":4,"3":4},"b":{"0":[4,4],"1":[4,4],"2":[4,4],"3":[4,4]}}
,"/Users/peterdrahovsky/Documents/bavenir/AURORAL/gateway-js/src/utils/error-handler.ts": {"path":"/Users/peterdrahovsky/Documents/bavenir/AURORAL/gateway-js/src/utils/error-handler.ts","statementMap":{"0":{"start":{"line":5,"column":1},"end":{"line":5,"column":53}},"1":{"start":{"line":6,"column":1},"end":{"line":6,"column":34}},"2":{"start":{"line":17,"column":1},"end":{"line":17,"column":null}},"3":{"start":{"line":18,"column":5},"end":{"line":18,"column":null}},"4":{"start":{"line":19,"column":5},"end":{"line":19,"column":null}},"5":{"start":{"line":20,"column":5},"end":{"line":20,"column":null}},"6":{"start":{"line":22,"column":1},"end":{"line":22,"column":14}},"7":{"start":{"line":26,"column":33},"end":{"line":26,"column":96}},"8":{"start":{"line":26,"column":96},"end":{"line":26,"column":null}},"9":{"start":{"line":27,"column":8},"end":{"line":27,"column":null}},"10":{"start":{"line":28,"column":8},"end":{"line":28,"column":null}},"11":{"start":{"line":29,"column":8},"end":{"line":29,"column":null}},"12":{"start":{"line":31,"column":0},"end":{"line":31,"column":null}},"13":{"start":{"line":22,"column":14},"end":{"line":22,"column":21}},"14":{"start":{"line":33,"column":29},"end":{"line":50,"column":2}},"15":{"start":{"line":34,"column":4},"end":{"line":49,"column":null}},"16":{"start":{"line":35,"column":8},"end":{"line":35,"column":null}},"17":{"start":{"line":36,"column":11},"end":{"line":49,"column":null}},"18":{"start":{"line":37,"column":9},"end":{"line":40,"column":null}},"19":{"start":{"line":43,"column":9},"end":{"line":43,"column":null}},"20":{"start":{"line":44,"column":9},"end":{"line":44,"column":null}},"21":{"start":{"line":45,"column":9},"end":{"line":48,"column":null}},"22":{"start":{"line":33,"column":14},"end":{"line":33,"column":29}},"23":{"start":{"line":54,"column":19},"end":{"line":65,"column":2}},"24":{"start":{"line":55,"column":5},"end":{"line":64,"column":null}},"25":{"start":{"line":57,"column":13},"end":{"line":57,"column":null}},"26":{"start":{"line":59,"column":13},"end":{"line":59,"column":null}},"27":{"start":{"line":61,"column":13},"end":{"line":61,"column":null}},"28":{"start":{"line":63,"column":13},"end":{"line":63,"column":null}}},"fnMap":{"0":{"name":"(anonymous_2)","decl":{"start":{"line":17,"column":1},"end":{"line":17,"column":13}},"loc":{"start":{"line":17,"column":22},"end":{"line":21,"column":2}}},"1":{"name":"(anonymous_3)","decl":{"start":{"line":22,"column":1},"end":{"line":22,"column":14}},"loc":{"start":{"line":22,"column":1},"end":{"line":31,"column":null}}},"2":{"name":"MyError","decl":{"start":{"line":26,"column":4},"end":{"line":26,"column":16}},"loc":{"start":{"line":26,"column":133},"end":{"line":30,"column":5}}},"3":{"name":"(anonymous_5)","decl":{"start":{"line":33,"column":29},"end":{"line":33,"column":30}},"loc":{"start":{"line":33,"column":42},"end":{"line":50,"column":2}}},"4":{"name":"(anonymous_6)","decl":{"start":{"line":54,"column":19},"end":{"line":54,"column":20}},"loc":{"start":{"line":54,"column":31},"end":{"line":65,"column":2}}}},"branchMap":{"0":{"loc":{"start":{"line":17,"column":13},"end":{"line":17,"column":null}},"type":"binary-expr","locations":[{"start":{"line":17,"column":13},"end":{"line":17,"column":22}},{"start":{"line":17,"column":13},"end":{"line":17,"column":null}}]},"1":{"loc":{"start":{"line":26,"column":33},"end":{"line":26,"column":96}},"type":"if","locations":[{"start":{"line":26,"column":33},"end":{"line":26,"column":96}}]},"2":{"loc":{"start":{"line":26,"column":96},"end":{"line":26,"column":null}},"type":"if","locations":[{"start":{"line":26,"column":96},"end":{"line":26,"column":null}}]},"3":{"loc":{"start":{"line":34,"column":4},"end":{"line":49,"column":null}},"type":"if","locations":[{"start":{"line":34,"column":4},"end":{"line":49,"column":null}},{"start":{"line":36,"column":11},"end":{"line":49,"column":null}}]},"4":{"loc":{"start":{"line":36,"column":11},"end":{"line":49,"column":null}},"type":"if","locations":[{"start":{"line":36,"column":11},"end":{"line":49,"column":null}},{"start":{"line":42,"column":12},"end":{"line":49,"column":null}}]},"5":{"loc":{"start":{"line":55,"column":5},"end":{"line":64,"column":null}},"type":"switch","locations":[{"start":{"line":56,"column":9},"end":{"line":57,"column":null}},{"start":{"line":58,"column":9},"end":{"line":59,"column":null}},{"start":{"line":60,"column":9},"end":{"line":61,"column":null}},{"start":{"line":62,"column":9},"end":{"line":63,"column":null}}]}},"s":{"0":8,"1":8,"2":8,"3":8,"4":8,"5":8,"6":8,"7":52,"8":74,"9":37,"10":37,"11":37,"12":8,"13":8,"14":8,"15":15,"16":8,"17":7,"18":7,"19":0,"20":0,"21":0,"22":8,"23":8,"24":7,"25":0,"26":0,"27":0,"28":7},"f":{"0":8,"1":8,"2":37,"3":15,"4":7},"b":{"0":[8,8],"1":[15],"2":[37],"3":[8,7],"4":[7,0],"5":[0,0,0,7]}}
,"/Users/peterdrahovsky/Documents/bavenir/AURORAL/gateway-js/src/utils/http-status-codes.ts": {"path":"/Users/peterdrahovsky/Documents/bavenir/AURORAL/gateway-js/src/utils/http-status-codes.ts","statementMap":{"0":{"start":{"line":1,"column":0},"end":{"line":1,"column":null}},"1":{"start":{"line":9,"column":4},"end":{"line":9,"column":null}},"2":{"start":{"line":14,"column":4},"end":{"line":14,"column":null}},"3":{"start":{"line":21,"column":4},"end":{"line":21,"column":null}},"4":{"start":{"line":29,"column":4},"end":{"line":29,"column":null}},"5":{"start":{"line":34,"column":4},"end":{"line":34,"column":null}},"6":{"start":{"line":40,"column":4},"end":{"line":40,"column":null}},"7":{"start":{"line":47,"column":4},"end":{"line":47,"column":null}},"8":{"start":{"line":52,"column":4},"end":{"line":52,"column":null}},"9":{"start":{"line":58,"column":4},"end":{"line":58,"column":null}},"10":{"start":{"line":65,"column":4},"end":{"line":65,"column":null}},"11":{"start":{"line":71,"column":4},"end":{"line":71,"column":null}},"12":{"start":{"line":77,"column":4},"end":{"line":77,"column":null}},"13":{"start":{"line":83,"column":4},"end":{"line":83,"column":null}},"14":{"start":{"line":90,"column":4},"end":{"line":90,"column":null}},"15":{"start":{"line":95,"column":4},"end":{"line":95,"column":null}},"16":{"start":{"line":105,"column":4},"end":{"line":105,"column":null}},"17":{"start":{"line":113,"column":4},"end":{"line":113,"column":null}},"18":{"start":{"line":119,"column":4},"end":{"line":119,"column":null}},"19":{"start":{"line":126,"column":4},"end":{"line":126,"column":null}},"20":{"start":{"line":131,"column":4},"end":{"line":131,"column":null}},"21":{"start":{"line":139,"column":4},"end":{"line":139,"column":null}},"22":{"start":{"line":146,"column":4},"end":{"line":146,"column":null}},"23":{"start":{"line":152,"column":4},"end":{"line":152,"column":null}},"24":{"start":{"line":160,"column":4},"end":{"line":160,"column":null}},"25":{"start":{"line":167,"column":4},"end":{"line":167,"column":null}},"26":{"start":{"line":173,"column":4},"end":{"line":173,"column":null}},"27":{"start":{"line":179,"column":4},"end":{"line":179,"column":null}},"28":{"start":{"line":185,"column":4},"end":{"line":185,"column":null}},"29":{"start":{"line":190,"column":4},"end":{"line":190,"column":null}},"30":{"start":{"line":195,"column":4},"end":{"line":195,"column":null}},"31":{"start":{"line":202,"column":4},"end":{"line":202,"column":null}},"32":{"start":{"line":208,"column":4},"end":{"line":208,"column":null}},"33":{"start":{"line":217,"column":4},"end":{"line":217,"column":null}},"34":{"start":{"line":222,"column":4},"end":{"line":222,"column":null}},"35":{"start":{"line":227,"column":4},"end":{"line":227,"column":null}},"36":{"start":{"line":232,"column":4},"end":{"line":232,"column":null}},"37":{"start":{"line":239,"column":4},"end":{"line":239,"column":null}},"38":{"start":{"line":245,"column":4},"end":{"line":245,"column":null}},"39":{"start":{"line":252,"column":4},"end":{"line":252,"column":null}},"40":{"start":{"line":257,"column":4},"end":{"line":257,"column":null}},"41":{"start":{"line":264,"column":4},"end":{"line":264,"column":null}},"42":{"start":{"line":269,"column":4},"end":{"line":269,"column":null}},"43":{"start":{"line":274,"column":4},"end":{"line":274,"column":null}},"44":{"start":{"line":279,"column":4},"end":{"line":279,"column":null}},"45":{"start":{"line":284,"column":4},"end":{"line":284,"column":null}},"46":{"start":{"line":289,"column":4},"end":{"line":289,"column":null}},"47":{"start":{"line":297,"column":4},"end":{"line":297,"column":null}},"48":{"start":{"line":302,"column":4},"end":{"line":302,"column":null}},"49":{"start":{"line":308,"column":4},"end":{"line":308,"column":null}},"50":{"start":{"line":314,"column":4},"end":{"line":314,"column":null}},"51":{"start":{"line":319,"column":4},"end":{"line":319,"column":null}},"52":{"start":{"line":325,"column":4},"end":{"line":325,"column":null}},"53":{"start":{"line":330,"column":4},"end":{"line":330,"column":null}},"54":{"start":{"line":336,"column":4},"end":{"line":336,"column":null}},"55":{"start":{"line":341,"column":4},"end":{"line":341,"column":null}},"56":{"start":{"line":346,"column":4},"end":{"line":346,"column":null}},"57":{"start":{"line":351,"column":4},"end":{"line":351,"column":null}},"58":{"start":{"line":356,"column":4},"end":{"line":356,"column":null}},"59":{"start":{"line":361,"column":4},"end":{"line":361,"column":null}},"60":{"start":{"line":366,"column":4},"end":{"line":366,"column":null}},"61":{"start":{"line":373,"column":4},"end":{"line":373,"column":null}}},"fnMap":{"0":{"name":"(anonymous_0)","decl":{"start":{"line":1,"column":0},"end":{"line":1,"column":12}},"loc":{"start":{"line":1,"column":26},"end":{"line":374,"column":1}}}},"branchMap":{"0":{"loc":{"start":{"line":1,"column":12},"end":{"line":1,"column":null}},"type":"binary-expr","locations":[{"start":{"line":1,"column":12},"end":{"line":1,"column":26}},{"start":{"line":1,"column":12},"end":{"line":1,"column":null}}]}},"s":{"0":8,"1":8,"2":8,"3":8,"4":8,"5":8,"6":8,"7":8,"8":8,"9":8,"10":8,"11":8,"12":8,"13":8,"14":8,"15":8,"16":8,"17":8,"18":8,"19":8,"20":8,"21":8,"22":8,"23":8,"24":8,"25":8,"26":8,"27":8,"28":8,"29":8,"30":8,"31":8,"32":8,"33":8,"34":8,"35":8,"36":8,"37":8,"38":8,"39":8,"40":8,"41":8,"42":8,"43":8,"44":8,"45":8,"46":8,"47":8,"48":8,"49":8,"50":8,"51":8,"52":8,"53":8,"54":8,"55":8,"56":8,"57":8,"58":8,"59":8,"60":8,"61":8},"f":{"0":8},"b":{"0":[8,8]}}
,"/Users/peterdrahovsky/Documents/bavenir/AURORAL/gateway-js/src/utils/index.ts": {"path":"/Users/peterdrahovsky/Documents/bavenir/AURORAL/gateway-js/src/utils/index.ts","statementMap":{"0":{"start":{"line":1,"column":0},"end":{"line":1,"column":9}},"1":{"start":{"line":6,"column":9},"end":{"line":1,"column":33}},"2":{"start":{"line":2,"column":0},"end":{"line":2,"column":9}},"3":{"start":{"line":6,"column":17},"end":{"line":2,"column":52}},"4":{"start":{"line":3,"column":0},"end":{"line":3,"column":9}},"5":{"start":{"line":6,"column":34},"end":{"line":3,"column":52}},"6":{"start":{"line":4,"column":0},"end":{"line":4,"column":9}},"7":{"start":{"line":6,"column":50},"end":{"line":4,"column":23}},"8":{"start":{"line":6,"column":64},"end":{"line":4,"column":55}}},"fnMap":{"0":{"name":"(anonymous_0)","decl":{"start":{"line":6,"column":9},"end":{"line":6,"column":15}},"loc":{"start":{"line":6,"column":9},"end":{"line":1,"column":33}}},"1":{"name":"(anonymous_1)","decl":{"start":{"line":6,"column":17},"end":{"line":6,"column":32}},"loc":{"start":{"line":6,"column":17},"end":{"line":2,"column":52}}},"2":{"name":"(anonymous_2)","decl":{"start":{"line":6,"column":34},"end":{"line":6,"column":48}},"loc":{"start":{"line":6,"column":34},"end":{"line":3,"column":52}}},"3":{"name":"(anonymous_3)","decl":{"start":{"line":6,"column":50},"end":{"line":6,"column":62}},"loc":{"start":{"line":6,"column":50},"end":{"line":4,"column":23}}},"4":{"name":"(anonymous_4)","decl":{"start":{"line":6,"column":64},"end":{"line":6,"column":71}},"loc":{"start":{"line":6,"column":64},"end":{"line":4,"column":55}}}},"branchMap":{},"s":{"0":8,"1":87,"2":8,"3":8,"4":8,"5":31,"6":8,"7":23,"8":45},"f":{"0":79,"1":0,"2":23,"3":15,"4":37},"b":{}}
,"/Users/peterdrahovsky/Documents/bavenir/AURORAL/gateway-js/src/utils/logger.ts": {"path":"/Users/peterdrahovsky/Documents/bavenir/AURORAL/gateway-js/src/utils/logger.ts","statementMap":{"0":{"start":{"line":1,"column":0},"end":{"line":1,"column":23}},"1":{"start":{"line":2,"column":0},"end":{"line":2,"column":58}},"2":{"start":{"line":3,"column":0},"end":{"line":3,"column":27}},"3":{"start":{"line":5,"column":62},"end":{"line":5,"column":null}},"4":{"start":{"line":6,"column":27},"end":{"line":6,"column":77}},"5":{"start":{"line":7,"column":28},"end":{"line":7,"column":75}},"6":{"start":{"line":9,"column":0},"end":{"line":9,"column":null}},"7":{"start":{"line":12,"column":22},"end":{"line":12,"column":37}},"8":{"start":{"line":13,"column":18},"end":{"line":13,"column":19}},"9":{"start":{"line":15,"column":18},"end":{"line":15,"column":117}},"10":{"start":{"line":15,"column":40},"end":{"line":15,"column":117}},"11":{"start":{"line":18,"column":16},"end":{"line":54,"column":null}},"12":{"start":{"line":57,"column":13},"end":{"line":64,"column":null}},"13":{"start":{"line":67,"column":2},"end":{"line":67,"column":null}}},"fnMap":{"0":{"name":"(anonymous_1)","decl":{"start":{"line":15,"column":32},"end":{"line":15,"column":36}},"loc":{"start":{"line":15,"column":36},"end":{"line":15,"column":43}}},"1":{"name":"parseMsg","decl":{"start":{"line":66,"column":9},"end":{"line":66,"column":17}},"loc":{"start":{"line":66,"column":24},"end":{"line":68,"column":1}}}},"branchMap":{"0":{"loc":{"start":{"line":67,"column":9},"end":{"line":67,"column":54}},"type":"cond-expr","locations":[{"start":{"line":67,"column":33},"end":{"line":67,"column":50}},{"start":{"line":67,"column":53},"end":{"line":67,"column":54}}]}},"s":{"0":8,"1":8,"2":8,"3":48,"4":8,"5":8,"6":8,"7":8,"8":8,"9":8,"10":12,"11":8,"12":8,"13":12},"f":{"0":12,"1":12},"b":{"0":[0,12]}}
,"/Users/peterdrahovsky/Documents/bavenir/AURORAL/gateway-js/src/utils/response-builder.ts": {"path":"/Users/peterdrahovsky/Documents/bavenir/AURORAL/gateway-js/src/utils/response-builder.ts","statementMap":{"0":{"start":{"line":2,"column":0},"end":{"line":2,"column":52}},"1":{"start":{"line":6,"column":4},"end":{"line":8,"column":null}},"2":{"start":{"line":7,"column":8},"end":{"line":7,"column":null}},"3":{"start":{"line":9,"column":4},"end":{"line":18,"column":null}},"4":{"start":{"line":11,"column":12},"end":{"line":11,"column":null}},"5":{"start":{"line":13,"column":12},"end":{"line":13,"column":null}},"6":{"start":{"line":15,"column":12},"end":{"line":15,"column":null}},"7":{"start":{"line":17,"column":12},"end":{"line":17,"column":null}},"8":{"start":{"line":22,"column":16},"end":{"line":22,"column":47}},"9":{"start":{"line":23,"column":4},"end":{"line":39,"column":null}},"10":{"start":{"line":24,"column":8},"end":{"line":30,"column":null}},"11":{"start":{"line":32,"column":8},"end":{"line":38,"column":null}},"12":{"start":{"line":21,"column":0},"end":{"line":21,"column":16}}},"fnMap":{"0":{"name":"errorBuilder","decl":{"start":{"line":5,"column":9},"end":{"line":5,"column":21}},"loc":{"start":{"line":5,"column":78},"end":{"line":19,"column":1}}},"1":{"name":"responseBuilder","decl":{"start":{"line":21,"column":16},"end":{"line":21,"column":31}},"loc":{"start":{"line":21,"column":118},"end":{"line":40,"column":1}}}},"branchMap":{"0":{"loc":{"start":{"line":6,"column":4},"end":{"line":8,"column":null}},"type":"if","locations":[{"start":{"line":6,"column":4},"end":{"line":8,"column":null}}]},"1":{"loc":{"start":{"line":9,"column":4},"end":{"line":18,"column":null}},"type":"switch","locations":[{"start":{"line":10,"column":8},"end":{"line":11,"column":null}},{"start":{"line":12,"column":8},"end":{"line":13,"column":null}},{"start":{"line":14,"column":8},"end":{"line":15,"column":null}},{"start":{"line":16,"column":8},"end":{"line":17,"column":null}}]},"2":{"loc":{"start":{"line":23,"column":4},"end":{"line":39,"column":null}},"type":"if","locations":[{"start":{"line":23,"column":4},"end":{"line":39,"column":null}},{"start":{"line":31,"column":11},"end":{"line":39,"column":null}}]},"3":{"loc":{"start":{"line":34,"column":24},"end":{"line":34,"column":67}},"type":"cond-expr","locations":[{"start":{"line":34,"column":37},"end":{"line":34,"column":47}},{"start":{"line":34,"column":50},"end":{"line":34,"column":67}}]}},"s":{"0":8,"1":0,"2":0,"3":0,"4":0,"5":0,"6":0,"7":0,"8":0,"9":0,"10":0,"11":0,"12":8},"f":{"0":0,"1":0},"b":{"0":[0],"1":[0,0,0,0],"2":[0,0],"3":[0,0]}}
}
