TN:
SF:src/config.ts
FNF:0
FNH:0
DA:1,10
DA:2,10
DA:4,10
DA:5,10
DA:9,0
DA:10,0
DA:13,10
LF:7
LH:5
BRDA:5,0,0,0
BRDA:6,1,0,10
BRDA:6,1,1,10
BRDA:6,1,2,10
BRDA:6,1,3,10
BRDA:20,2,0,10
BRDA:20,2,1,10
BRDA:23,3,0,10
BRDA:23,3,1,0
BRDA:24,4,0,10
BRDA:24,4,1,10
BRDA:33,5,0,10
BRDA:33,5,1,0
BRDA:34,6,0,10
BRDA:34,6,1,10
BRDA:36,7,0,10
BRDA:36,7,1,10
BRDA:39,8,0,10
BRDA:39,8,1,0
BRDA:44,9,0,10
BRDA:44,9,1,0
BRF:21
BRH:16
end_of_record
TN:
SF:src/connectors/agent-connector.ts
FN:39,(anonymous_16)
FN:59,(anonymous_19)
FN:76,(anonymous_22)
FN:93,(anonymous_25)
FN:109,(anonymous_28)
FN:121,(anonymous_31)
FN:121,(anonymous_32)
FNF:7
FNH:7
FNDA:2,(anonymous_16)
FNDA:2,(anonymous_19)
FNDA:3,(anonymous_22)
FNDA:2,(anonymous_25)
FNDA:2,(anonymous_28)
FNDA:11,(anonymous_31)
FNDA:11,(anonymous_32)
DA:6,5
DA:7,5
DA:8,5
DA:14,5
DA:25,5
DA:31,5
DA:41,2
DA:44,2
DA:46,1
DA:47,1
DA:48,1
DA:61,2
DA:62,2
DA:64,1
DA:65,1
DA:66,1
DA:78,3
DA:79,3
DA:81,1
DA:82,1
DA:83,1
DA:95,2
DA:97,1
DA:98,1
DA:99,1
DA:111,2
DA:113,1
DA:114,1
DA:115,1
DA:121,11
DA:122,11
DA:123,6
LF:32
LH:32
BRDA:62,0,0,2
BRDA:79,1,0,3
BRDA:95,2,0,2
BRDA:111,3,0,2
BRDA:122,4,0,11
BRF:5
BRH:5
end_of_record
TN:
SF:src/connectors/nm-connector.ts
FN:42,(anonymous_16)
FN:55,(anonymous_19)
FN:63,(anonymous_22)
FN:71,(anonymous_25)
FN:80,(anonymous_28)
FN:89,(anonymous_31)
FN:98,(anonymous_34)
FN:106,(anonymous_37)
FN:114,(anonymous_40)
FN:121,(anonymous_43)
FN:129,(anonymous_46)
FN:136,(anonymous_49)
FN:144,(anonymous_52)
FN:152,(anonymous_55)
FN:160,(anonymous_58)
FN:167,(anonymous_61)
FN:175,(anonymous_64)
FN:183,(anonymous_67)
FN:191,(anonymous_70)
FN:198,(anonymous_73)
FN:206,(anonymous_76)
FN:214,(anonymous_79)
FN:222,(anonymous_82)
FN:230,(anonymous_85)
FN:230,(anonymous_86)
FNF:25
FNH:25
FNDA:2,(anonymous_16)
FNDA:2,(anonymous_19)
FNDA:3,(anonymous_22)
FNDA:2,(anonymous_25)
FNDA:2,(anonymous_28)
FNDA:2,(anonymous_31)
FNDA:2,(anonymous_34)
FNDA:2,(anonymous_37)
FNDA:2,(anonymous_40)
FNDA:2,(anonymous_43)
FNDA:2,(anonymous_46)
FNDA:2,(anonymous_49)
FNDA:2,(anonymous_52)
FNDA:2,(anonymous_55)
FNDA:2,(anonymous_58)
FNDA:2,(anonymous_61)
FNDA:2,(anonymous_64)
FNDA:2,(anonymous_67)
FNDA:2,(anonymous_70)
FNDA:2,(anonymous_73)
FNDA:2,(anonymous_76)
FNDA:10,(anonymous_79)
FNDA:9,(anonymous_82)
FNDA:62,(anonymous_85)
FNDA:62,(anonymous_86)
DA:6,8
DA:7,8
DA:8,8
DA:10,8
DA:16,8
DA:27,8
DA:33,8
DA:44,2
DA:46,1
DA:47,1
DA:48,1
DA:56,2
DA:64,3
DA:72,2
DA:81,2
DA:90,2
DA:99,2
DA:107,2
DA:115,2
DA:122,2
DA:130,2
DA:137,2
DA:145,2
DA:153,2
DA:161,2
DA:168,2
DA:176,2
DA:184,2
DA:192,2
DA:199,2
DA:207,2
DA:215,10
DA:223,9
DA:224,9
DA:230,62
DA:231,62
DA:232,39
LF:37
LH:37
BRDA:44,0,0,2
BRDA:231,1,0,62
BRF:2
BRH:2
end_of_record
TN:
SF:src/core/encryption.ts
FN:13,signMessage
FN:27,validateMessage
FN:56,encryptWithRemotePublicKey
FN:62,encryptWithMyPrivateKey
FN:66,decryptWithMyPrivateKey
FN:70,decryptWithRemotePublicKey
FN:77,senderIsPlatform
FN:81,decrypt
FN:109,encrypt
FN:137,getPubkey
FN:153,getAgid
FNF:11
FNH:11
FNDA:2,signMessage
FNDA:4,validateMessage
FNDA:1,encryptWithRemotePublicKey
FNDA:2,encryptWithMyPrivateKey
FNDA:1,decryptWithMyPrivateKey
FNDA:2,decryptWithRemotePublicKey
FNDA:5,senderIsPlatform
FNDA:3,decrypt
FNDA:3,encrypt
FNDA:7,getPubkey
FNDA:8,getAgid
DA:1,5
DA:2,5
DA:3,5
DA:4,5
DA:5,5
DA:6,5
DA:7,5
DA:9,5
DA:11,5
DA:13,5
DA:14,2
DA:15,2
DA:16,2
DA:21,1
DA:22,1
DA:23,1
DA:27,5
DA:29,4
DA:30,8
DA:31,2
DA:38,1
DA:39,1
DA:40,2
DA:41,1
DA:48,1
DA:50,3
DA:51,3
DA:52,3
DA:56,5
DA:57,1
DA:58,1
DA:59,1
DA:62,5
DA:63,2
DA:66,5
DA:67,1
DA:70,5
DA:71,2
DA:72,2
DA:73,2
DA:78,5
DA:82,3
DA:83,3
DA:84,1
DA:93,2
DA:103,1
DA:104,1
DA:105,1
DA:110,3
DA:111,3
DA:112,2
DA:121,1
DA:131,1
DA:132,1
DA:133,1
DA:137,13
DA:139,7
DA:140,7
DA:141,7
DA:142,7
DA:143,7
DA:145,6
DA:147,1
DA:148,1
DA:149,1
DA:155,8
DA:156,8
DA:157,8
DA:158,8
DA:159,8
DA:161,7
DA:163,1
DA:164,1
DA:165,1
LF:74
LH:74
BRDA:30,0,0,4
BRDA:30,0,1,1
BRDA:30,0,2,1
BRDA:30,1,0,4
BRDA:38,2,0,0
BRDA:40,3,0,1
BRDA:57,4,0,1
BRDA:71,5,0,2
BRDA:83,6,0,1
BRDA:83,6,1,2
BRDA:111,7,0,2
BRDA:111,7,1,1
BRDA:137,8,0,6
BRDA:145,9,0,6
BRDA:140,10,0,0
BRDA:140,11,0,7
BRDA:140,11,1,0
BRDA:161,12,0,7
BRDA:156,13,0,0
BRF:19
BRH:15
end_of_record
TN:
SF:src/core/event.class.ts
FN:2,(anonymous_2)
FN:8,EventHandler
FN:15,(anonymous_4)
FN:18,(anonymous_5)
FN:21,(anonymous_6)
FNF:5
FNH:5
FNDA:4,(anonymous_2)
FNDA:5,EventHandler
FNDA:2,(anonymous_4)
FNDA:1,(anonymous_5)
FNDA:2,(anonymous_6)
DA:2,4
DA:5,5
DA:8,10
DA:9,5
DA:10,5
DA:11,5
DA:12,0
DA:15,4
DA:16,2
DA:18,4
DA:19,1
DA:21,4
DA:22,2
DA:24,4
LF:14
LH:13
BRDA:8,0,0,5
BRF:1
BRH:1
end_of_record
TN:
SF:src/core/events.ts
FN:15,(anonymous_4)
FN:18,(anonymous_6)
FN:30,(anonymous_7)
FN:51,(anonymous_8)
FN:69,(anonymous_9)
FN:87,(anonymous_10)
FN:106,(anonymous_11)
FN:130,(anonymous_12)
FN:148,(anonymous_13)
FN:168,(anonymous_14)
FN:183,(anonymous_15)
FN:199,(anonymous_16)
FNF:12
FNH:12
FNDA:8,(anonymous_4)
FNDA:4,(anonymous_6)
FNDA:6,(anonymous_7)
FNDA:2,(anonymous_8)
FNDA:2,(anonymous_9)
FNDA:2,(anonymous_10)
FNDA:3,(anonymous_11)
FNDA:2,(anonymous_12)
FNDA:2,(anonymous_13)
FNDA:2,(anonymous_14)
FNDA:1,(anonymous_15)
FNDA:1,(anonymous_16)
DA:1,4
DA:2,4
DA:3,4
DA:4,4
DA:5,4
DA:6,4
DA:8,4
DA:15,4
DA:17,4
DA:18,4
DA:19,4
DA:20,4
DA:22,4
DA:30,4
DA:31,6
DA:32,6
DA:33,6
DA:34,1
DA:36,5
DA:37,5
DA:38,1
DA:39,1
DA:40,1
DA:42,4
DA:51,4
DA:52,2
DA:53,2
DA:54,1
DA:56,1
DA:57,1
DA:58,1
DA:59,1
DA:61,0
DA:69,4
DA:70,2
DA:71,2
DA:72,1
DA:74,1
DA:75,1
DA:76,1
DA:78,0
DA:87,4
DA:88,2
DA:89,2
DA:90,1
DA:92,1
DA:93,1
DA:94,0
DA:96,1
DA:106,4
DA:107,3
DA:108,3
DA:109,1
DA:111,2
DA:112,2
DA:113,2
DA:114,0
DA:116,2
DA:117,2
DA:118,2
DA:120,0
DA:130,4
DA:131,2
DA:132,2
DA:133,1
DA:135,1
DA:136,1
DA:137,1
DA:138,0
DA:140,1
DA:141,1
DA:142,1
DA:144,0
DA:148,4
DA:149,2
DA:150,2
DA:151,1
DA:152,1
DA:153,1
DA:154,1
DA:155,1
DA:156,1
DA:160,0
DA:163,1
DA:164,1
DA:168,4
DA:169,2
DA:170,2
DA:171,1
DA:172,1
DA:175,1
DA:176,1
DA:183,4
DA:184,1
DA:185,1
DA:186,1
DA:187,1
DA:188,1
DA:190,1
DA:192,1
DA:193,1
DA:199,4
DA:200,1
DA:201,1
DA:202,1
DA:203,0
DA:204,0
DA:205,0
DA:206,0
DA:207,0
DA:208,0
DA:209,0
DA:210,0
DA:212,0
DA:215,1
DA:216,1
DA:219,4
DA:221,4
LF:118
LH:101
BRDA:19,0,0,4
BRDA:33,1,0,1
BRDA:37,2,0,1
BRDA:37,2,1,4
BRDA:53,3,0,1
BRDA:57,4,0,1
BRDA:57,4,1,0
BRDA:71,5,0,1
BRDA:75,6,0,1
BRDA:75,6,1,0
BRDA:89,7,0,1
BRDA:93,8,0,0
BRDA:93,8,1,1
BRDA:93,9,0,1
BRDA:93,9,1,1
BRDA:108,10,0,1
BRDA:112,11,0,2
BRDA:112,11,1,0
BRDA:113,12,0,0
BRDA:117,13,0,0
BRDA:117,13,1,2
BRDA:117,14,0,2
BRDA:117,14,1,2
BRDA:132,15,0,1
BRDA:136,16,0,1
BRDA:136,16,1,0
BRDA:137,17,0,0
BRDA:141,18,0,0
BRDA:141,18,1,1
BRDA:141,19,0,1
BRDA:141,19,1,1
BRDA:150,20,0,1
BRDA:150,20,1,1
BRDA:152,21,0,1
BRDA:153,22,0,1
BRDA:155,23,0,1
BRDA:170,24,0,1
BRDA:170,24,1,1
BRF:38
BRH:29
end_of_record
TN:
SF:src/core/networkMessages.ts
FN:13,addSubscriberNetwork
FN:14,(anonymous_14)
FN:17,(anonymous_15)
FN:37,getPropertyNetwork
FN:38,(anonymous_17)
FN:42,(anonymous_18)
FN:63,putPropertyNetwork
FN:64,(anonymous_20)
FN:67,(anonymous_21)
FN:86,removeSubscriberNetwork
FN:87,(anonymous_23)
FN:90,(anonymous_24)
FN:111,getEventChannelStatusNetwork
FN:112,(anonymous_26)
FN:115,(anonymous_27)
FN:134,sendEventNetwork
FN:135,(anonymous_29)
FN:138,(anonymous_30)
FN:156,(anonymous_31)
FN:157,(anonymous_34)
FN:160,(anonymous_35)
FNF:21
FNH:21
FNDA:3,addSubscriberNetwork
FNDA:3,(anonymous_14)
FNDA:2,(anonymous_15)
FNDA:3,getPropertyNetwork
FNDA:3,(anonymous_17)
FNDA:2,(anonymous_18)
FNDA:3,putPropertyNetwork
FNDA:3,(anonymous_20)
FNDA:2,(anonymous_21)
FNDA:3,removeSubscriberNetwork
FNDA:3,(anonymous_23)
FNDA:2,(anonymous_24)
FNDA:3,getEventChannelStatusNetwork
FNDA:3,(anonymous_26)
FNDA:2,(anonymous_27)
FNDA:3,sendEventNetwork
FNDA:3,(anonymous_29)
FNDA:2,(anonymous_30)
FNDA:4,(anonymous_31)
FNDA:4,(anonymous_34)
FNDA:3,(anonymous_35)
DA:1,1
DA:2,1
DA:4,1
DA:13,1
DA:14,3
DA:15,3
DA:16,3
DA:17,2
DA:18,2
DA:19,1
DA:21,2
DA:23,2
DA:25,1
DA:37,1
DA:38,3
DA:39,3
DA:40,3
DA:41,2
DA:42,2
DA:43,2
DA:44,1
DA:46,2
DA:49,1
DA:63,1
DA:64,3
DA:65,3
DA:66,3
DA:67,2
DA:68,2
DA:69,1
DA:71,2
DA:74,1
DA:86,1
DA:87,3
DA:88,3
DA:89,3
DA:90,2
DA:91,2
DA:92,1
DA:94,2
DA:96,2
DA:98,1
DA:111,1
DA:112,3
DA:113,3
DA:114,3
DA:115,2
DA:116,2
DA:117,1
DA:119,2
DA:122,1
DA:134,1
DA:135,3
DA:136,3
DA:137,3
DA:138,2
DA:139,2
DA:140,1
DA:142,2
DA:145,1
DA:156,1
DA:157,4
DA:158,4
DA:159,4
DA:160,3
DA:161,3
DA:162,1
DA:164,3
DA:167,1
LF:69
LH:69
BRDA:16,0,0,2
BRDA:16,0,1,1
BRDA:18,1,0,1
BRDA:40,2,0,2
BRDA:40,2,1,1
BRDA:43,3,0,1
BRDA:66,4,0,2
BRDA:66,4,1,1
BRDA:68,5,0,1
BRDA:89,6,0,2
BRDA:89,6,1,1
BRDA:91,7,0,1
BRDA:114,8,0,2
BRDA:114,8,1,1
BRDA:116,9,0,1
BRDA:137,10,0,2
BRDA:137,10,1,1
BRDA:139,11,0,1
BRDA:159,12,0,3
BRDA:159,12,1,1
BRDA:160,13,0,1
BRDA:160,13,1,2
BRDA:161,14,0,1
BRF:23
BRH:23
end_of_record
TN:
SF:src/core/properties.ts
FN:13,getPropertyLocaly
FN:22,putPropertyLocaly
FNF:2
FNH:2
FNDA:2,getPropertyLocaly
FNDA:2,putPropertyLocaly
DA:1,1
DA:3,1
DA:13,1
DA:14,3
DA:15,1
DA:17,1
DA:18,1
DA:22,1
DA:23,3
DA:24,1
DA:26,1
DA:27,1
LF:12
LH:12
BRDA:17,0,0,1
BRDA:14,1,0,1
BRDA:26,2,0,1
BRDA:23,3,0,1
BRF:4
BRH:4
end_of_record
TN:
SF:src/core/records.ts
FN:9,(anonymous_15)
FN:17,(anonymous_16)
FN:23,(anonymous_17)
FN:47,(anonymous_19)
FNF:4
FNH:3
FNDA:0,(anonymous_15)
FNDA:1,(anonymous_16)
FNDA:1,(anonymous_17)
FNDA:4,(anonymous_19)
DA:1,5
DA:2,5
DA:3,5
DA:6,5
DA:7,5
DA:8,5
DA:9,5
DA:10,0
DA:11,0
DA:12,0
DA:17,5
DA:23,1
DA:24,1
DA:38,1
DA:40,1
DA:41,0
DA:43,0
DA:47,7
DA:50,3
DA:51,1
DA:53,1
DA:55,2
DA:57,1
DA:60,0
DA:61,0
LF:25
LH:18
BRDA:10,0,0,0
BRDA:40,1,0,0
BRDA:50,2,0,1
BRF:3
BRH:1
end_of_record
TN:
SF:src/core/registrations.ts
FN:5,(anonymous_15)
FN:9,RegistrationsClass
FN:14,(anonymous_17)
FN:18,(anonymous_20)
FN:25,(anonymous_23)
FN:42,(anonymous_26)
FNF:6
FNH:6
FNDA:1,(anonymous_15)
FNDA:1,RegistrationsClass
FNDA:1,(anonymous_17)
FNDA:2,(anonymous_20)
FNDA:3,(anonymous_23)
FNDA:2,(anonymous_26)
DA:1,1
DA:2,1
DA:3,1
DA:5,1
DA:6,1
DA:7,1
DA:10,1
DA:14,1
DA:15,2
DA:18,1
DA:19,4
DA:25,1
DA:27,3
DA:28,2
DA:30,2
DA:32,1
DA:33,1
DA:42,1
DA:43,2
DA:46,1
DA:48,1
LF:21
LH:21
BRDA:15,0,0,1
BRDA:19,1,0,2
BRF:2
BRH:2
end_of_record
TN:
SF:src/core/security.ts
FN:15,(anonymous_1)
FN:25,TokenGenerator
FN:38,(anonymous_3)
FN:40,(anonymous_4)
FN:47,(anonymous_5)
FN:50,(anonymous_6)
FN:59,(anonymous_7)
FN:65,(anonymous_8)
FN:70,(anonymous_9)
FN:83,(anonymous_10)
FN:90,(anonymous_11)
FNF:11
FNH:6
FNDA:9,(anonymous_1)
FNDA:9,TokenGenerator
FNDA:1,(anonymous_3)
FNDA:1,(anonymous_4)
FNDA:0,(anonymous_5)
FNDA:0,(anonymous_6)
FNDA:63,(anonymous_7)
FNDA:1,(anonymous_8)
FNDA:0,(anonymous_9)
FNDA:0,(anonymous_10)
FNDA:0,(anonymous_11)
DA:1,9
DA:2,9
DA:3,9
DA:4,9
DA:5,9
DA:15,9
DA:18,9
DA:19,9
DA:20,9
DA:21,9
DA:23,9
DA:27,9
DA:28,9
DA:29,9
DA:31,0
DA:32,0
DA:38,9
DA:40,1
DA:41,1
DA:47,1
DA:48,0
DA:50,0
DA:51,0
DA:53,0
DA:54,0
DA:59,9
DA:60,63
DA:65,9
DA:66,1
DA:71,0
DA:72,0
DA:73,0
DA:74,0
DA:75,0
DA:77,0
DA:78,0
DA:83,9
DA:84,0
DA:90,0
DA:91,0
DA:92,0
DA:96,9
DA:98,9
LF:43
LH:25
BRDA:71,0,0,0
BRDA:71,0,1,0
BRDA:74,1,0,0
BRDA:74,1,1,0
BRF:4
BRH:0
end_of_record
TN:
SF:src/core/xmpp.class.ts
FN:14,(anonymous_16)
FN:27,XMPP
FN:32,(anonymous_18)
FN:35,(anonymous_19)
FN:38,(anonymous_20)
FN:41,(anonymous_21)
FN:48,(anonymous_22)
FN:50,(anonymous_25)
FN:61,(anonymous_26)
FN:71,(anonymous_29)
FN:105,(anonymous_32)
FN:105,(anonymous_33)
FN:112,(anonymous_35)
FN:112,(anonymous_36)
FN:139,(anonymous_38)
FN:141,(anonymous_41)
FN:150,(anonymous_42)
FN:165,(anonymous_45)
FN:175,(anonymous_46)
FN:187,(anonymous_49)
FN:199,(anonymous_52)
FN:204,(anonymous_53)
FN:209,(anonymous_54)
FN:215,(anonymous_55)
FN:220,(anonymous_56)
FN:311,(anonymous_59)
FN:333,(anonymous_62)
FN:347,(anonymous_65)
FN:355,(anonymous_66)
FN:363,(anonymous_67)
FN:371,(anonymous_68)
FN:379,(anonymous_71)
FN:394,(anonymous_74)
FNF:33
FNH:4
FNDA:4,(anonymous_16)
FNDA:1,XMPP
FNDA:0,(anonymous_18)
FNDA:0,(anonymous_19)
FNDA:0,(anonymous_20)
FNDA:0,(anonymous_21)
FNDA:1,(anonymous_22)
FNDA:0,(anonymous_25)
FNDA:0,(anonymous_26)
FNDA:0,(anonymous_29)
FNDA:0,(anonymous_32)
FNDA:0,(anonymous_33)
FNDA:0,(anonymous_35)
FNDA:0,(anonymous_36)
FNDA:0,(anonymous_38)
FNDA:0,(anonymous_41)
FNDA:0,(anonymous_42)
FNDA:1,(anonymous_45)
FNDA:0,(anonymous_46)
FNDA:0,(anonymous_49)
FNDA:0,(anonymous_52)
FNDA:0,(anonymous_53)
FNDA:0,(anonymous_54)
FNDA:0,(anonymous_55)
FNDA:0,(anonymous_56)
FNDA:0,(anonymous_59)
FNDA:0,(anonymous_62)
FNDA:0,(anonymous_65)
FNDA:0,(anonymous_66)
FNDA:0,(anonymous_67)
FNDA:0,(anonymous_68)
FNDA:0,(anonymous_71)
FNDA:0,(anonymous_74)
DA:1,4
DA:2,4
DA:3,4
DA:4,4
DA:5,4
DA:6,4
DA:8,4
DA:9,4
DA:10,4
DA:11,4
DA:12,4
DA:14,4
DA:19,1
DA:20,1
DA:21,1
DA:22,1
DA:23,1
DA:27,1
DA:28,1
DA:29,1
DA:30,1
DA:32,1
DA:33,0
DA:35,1
DA:36,0
DA:38,1
DA:39,0
DA:41,1
DA:42,0
DA:48,4
DA:49,1
DA:51,0
DA:53,0
DA:54,0
DA:55,0
DA:56,0
DA:61,4
DA:63,0
DA:64,0
DA:66,0
DA:67,0
DA:71,4
DA:75,0
DA:76,0
DA:77,0
DA:78,0
DA:82,0
DA:85,0
DA:88,0
DA:93,0
DA:94,0
DA:95,0
DA:97,0
DA:100,0
DA:101,0
DA:104,0
DA:105,0
DA:106,0
DA:107,0
DA:108,0
DA:111,0
DA:112,0
DA:114,0
DA:115,0
DA:116,0
DA:118,0
DA:119,0
DA:121,0
DA:123,0
DA:126,0
DA:127,0
DA:131,0
DA:132,0
DA:133,0
DA:134,0
DA:139,4
DA:140,0
DA:141,0
DA:142,0
DA:145,0
DA:150,4
DA:151,0
DA:152,0
DA:153,0
DA:154,0
DA:155,0
DA:156,0
DA:157,0
DA:158,0
DA:159,0
DA:165,4
DA:166,1
DA:175,4
DA:176,0
DA:177,0
DA:182,0
DA:184,0
DA:187,4
DA:188,0
DA:189,0
DA:194,0
DA:199,4
DA:200,0
DA:201,0
DA:204,4
DA:205,0
DA:206,0
DA:209,4
DA:210,0
DA:212,0
DA:214,0
DA:215,0
DA:216,0
DA:220,4
DA:221,0
DA:225,0
DA:227,0
DA:229,0
DA:230,0
DA:231,0
DA:232,0
DA:233,0
DA:234,0
DA:235,0
DA:239,0
DA:240,0
DA:241,0
DA:245,0
DA:247,0
DA:248,0
DA:251,0
DA:252,0
DA:253,0
DA:254,0
DA:255,0
DA:256,0
DA:257,0
DA:260,0
DA:262,0
DA:266,0
DA:267,0
DA:269,0
DA:270,0
DA:271,0
DA:274,0
DA:275,0
DA:276,0
DA:279,0
DA:281,0
DA:283,0
DA:284,0
DA:285,0
DA:287,0
DA:288,0
DA:289,0
DA:291,0
DA:293,0
DA:294,0
DA:295,0
DA:296,0
DA:297,0
DA:300,0
DA:301,0
DA:303,0
DA:306,0
DA:311,4
DA:312,0
DA:313,0
DA:314,0
DA:315,0
DA:316,0
DA:317,0
DA:318,0
DA:319,0
DA:320,0
DA:321,0
DA:322,0
DA:323,0
DA:324,0
DA:325,0
DA:326,0
DA:328,0
DA:329,0
DA:333,4
DA:335,0
DA:336,0
DA:339,0
DA:341,0
DA:342,0
DA:344,0
DA:347,4
DA:348,0
DA:349,0
DA:350,0
DA:352,0
DA:355,4
DA:356,0
DA:357,0
DA:358,0
DA:360,0
DA:363,4
DA:364,0
DA:365,0
DA:366,0
DA:368,0
DA:371,4
DA:372,0
DA:373,0
DA:374,0
DA:376,0
DA:379,4
DA:382,0
DA:383,0
DA:385,0
DA:386,0
DA:394,4
DA:395,0
DA:396,0
DA:398,0
DA:399,0
DA:401,0
DA:402,0
DA:405,0
DA:408,4
LF:224
LH:48
BRDA:53,0,0,0
BRDA:75,1,0,0
BRDA:75,1,1,0
BRDA:75,2,0,0
BRDA:75,2,1,0
BRDA:76,3,0,0
BRDA:97,4,0,0
BRDA:119,5,0,0
BRDA:303,6,0,0
BRDA:221,7,0,0
BRDA:229,8,0,0
BRDA:245,9,0,0
BRDA:251,10,0,0
BRDA:255,11,0,0
BRDA:262,12,0,0
BRDA:262,12,1,0
BRDA:262,13,0,0
BRDA:262,13,1,0
BRDA:266,14,0,0
BRDA:266,14,1,0
BRDA:269,15,0,0
BRDA:274,16,0,0
BRDA:279,17,0,0
BRDA:291,18,0,0
BRDA:295,19,0,0
BRDA:314,20,0,0
BRDA:314,20,1,0
BRDA:314,20,2,0
BRDA:314,20,3,0
BRDA:314,20,4,0
BRDA:314,20,5,0
BRDA:314,20,6,0
BRDA:314,20,7,0
BRDA:314,20,8,0
BRDA:313,21,0,0
BRDA:313,21,1,0
BRDA:313,21,2,0
BRDA:313,21,3,0
BRDA:313,21,4,0
BRDA:313,21,5,0
BRDA:313,21,6,0
BRDA:344,22,0,0
BRDA:336,23,0,0
BRDA:336,23,1,0
BRDA:349,24,0,0
BRDA:357,25,0,0
BRDA:365,26,0,0
BRDA:372,27,0,0
BRDA:372,28,0,0
BRDA:372,28,1,0
BRDA:373,29,0,0
BRDA:395,30,0,0
BRDA:396,31,0,0
BRDA:396,31,1,0
BRF:54
BRH:0
end_of_record
TN:
SF:src/core/xmpp.ts
FN:16,(anonymous_13)
FN:30,(anonymous_14)
FN:44,(anonymous_17)
FN:57,(anonymous_20)
FN:72,(anonymous_23)
FN:85,(anonymous_26)
FN:97,(anonymous_29)
FN:114,(anonymous_32)
FNF:8
FNH:0
FNDA:0,(anonymous_13)
FNDA:0,(anonymous_14)
FNDA:0,(anonymous_17)
FNDA:0,(anonymous_20)
FNDA:0,(anonymous_23)
FNDA:0,(anonymous_26)
FNDA:0,(anonymous_29)
FNDA:0,(anonymous_32)
DA:4,4
DA:5,4
DA:7,4
DA:9,4
DA:16,4
DA:17,0
DA:18,0
DA:19,0
DA:30,4
DA:31,0
DA:32,0
DA:33,0
DA:35,0
DA:44,4
DA:45,0
DA:46,0
DA:47,0
DA:49,0
DA:57,4
DA:58,0
DA:59,0
DA:60,0
DA:61,0
DA:62,0
DA:65,0
DA:72,4
DA:73,0
DA:74,0
DA:75,0
DA:77,0
DA:85,4
DA:86,0
DA:87,0
DA:88,0
DA:90,0
DA:97,4
DA:98,0
DA:99,0
DA:100,0
DA:101,0
DA:102,0
DA:103,0
DA:114,4
DA:115,0
DA:116,0
DA:117,0
DA:118,0
DA:119,0
DA:121,0
DA:125,0
LF:50
LH:12
BRDA:18,0,0,0
BRDA:35,1,0,0
BRDA:32,2,0,0
BRDA:49,3,0,0
BRDA:46,4,0,0
BRDA:59,5,0,0
BRDA:61,6,0,0
BRDA:74,7,0,0
BRDA:74,7,1,0
BRDA:90,8,0,0
BRDA:87,9,0,0
BRDA:100,10,0,0
BRDA:102,11,0,0
BRDA:116,12,0,0
BRDA:118,13,0,0
BRDA:118,13,1,0
BRF:16
BRH:0
end_of_record
TN:
SF:src/persistance/redis.ts
FN:27,(anonymous_1)
FN:28,(anonymous_2)
FN:32,(anonymous_3)
FN:42,(anonymous_4)
FN:43,(anonymous_5)
FN:44,(anonymous_6)
FN:63,(anonymous_7)
FN:64,(anonymous_8)
FN:65,(anonymous_9)
FN:87,(anonymous_10)
FN:88,(anonymous_11)
FN:89,(anonymous_12)
FN:106,(anonymous_13)
FN:107,(anonymous_14)
FN:108,(anonymous_15)
FN:125,(anonymous_16)
FN:126,(anonymous_17)
FN:127,(anonymous_18)
FN:147,(anonymous_19)
FN:148,(anonymous_20)
FN:149,(anonymous_21)
FN:168,(anonymous_22)
FN:169,(anonymous_23)
FN:170,(anonymous_24)
FN:188,(anonymous_25)
FN:189,(anonymous_26)
FN:190,(anonymous_27)
FN:207,(anonymous_28)
FN:208,(anonymous_29)
FN:209,(anonymous_30)
FN:226,(anonymous_31)
FN:227,(anonymous_32)
FN:228,(anonymous_33)
FN:247,(anonymous_34)
FN:248,(anonymous_35)
FN:249,(anonymous_36)
FN:268,(anonymous_37)
FN:269,(anonymous_38)
FN:270,(anonymous_39)
FN:288,(anonymous_40)
FN:289,(anonymous_41)
FN:290,(anonymous_42)
FN:308,(anonymous_43)
FN:309,(anonymous_44)
FN:310,(anonymous_45)
FN:327,(anonymous_46)
FN:328,(anonymous_47)
FN:329,(anonymous_48)
FNF:48
FNH:3
FNDA:0,(anonymous_1)
FNDA:0,(anonymous_2)
FNDA:0,(anonymous_3)
FNDA:0,(anonymous_4)
FNDA:0,(anonymous_5)
FNDA:0,(anonymous_6)
FNDA:0,(anonymous_7)
FNDA:0,(anonymous_8)
FNDA:0,(anonymous_9)
FNDA:12,(anonymous_10)
FNDA:12,(anonymous_11)
FNDA:12,(anonymous_12)
FNDA:0,(anonymous_13)
FNDA:0,(anonymous_14)
FNDA:0,(anonymous_15)
FNDA:0,(anonymous_16)
FNDA:0,(anonymous_17)
FNDA:0,(anonymous_18)
FNDA:0,(anonymous_19)
FNDA:0,(anonymous_20)
FNDA:0,(anonymous_21)
FNDA:0,(anonymous_22)
FNDA:0,(anonymous_23)
FNDA:0,(anonymous_24)
FNDA:0,(anonymous_25)
FNDA:0,(anonymous_26)
FNDA:0,(anonymous_27)
FNDA:0,(anonymous_28)
FNDA:0,(anonymous_29)
FNDA:0,(anonymous_30)
FNDA:0,(anonymous_31)
FNDA:0,(anonymous_32)
FNDA:0,(anonymous_33)
FNDA:0,(anonymous_34)
FNDA:0,(anonymous_35)
FNDA:0,(anonymous_36)
FNDA:0,(anonymous_37)
FNDA:0,(anonymous_38)
FNDA:0,(anonymous_39)
FNDA:0,(anonymous_40)
FNDA:0,(anonymous_41)
FNDA:0,(anonymous_42)
FNDA:0,(anonymous_43)
FNDA:0,(anonymous_44)
FNDA:0,(anonymous_45)
FNDA:0,(anonymous_46)
FNDA:0,(anonymous_47)
FNDA:0,(anonymous_48)
DA:6,5
DA:7,5
DA:8,5
DA:11,5
DA:17,5
DA:20,5
DA:28,0
DA:29,0
DA:30,0
DA:32,0
DA:33,0
DA:43,0
DA:44,0
DA:45,0
DA:46,0
DA:47,0
DA:50,0
DA:64,0
DA:65,0
DA:66,0
DA:67,0
DA:68,0
DA:70,0
DA:71,0
DA:88,12
DA:89,12
DA:90,12
DA:91,0
DA:92,0
DA:94,12
DA:107,0
DA:108,0
DA:109,0
DA:110,0
DA:111,0
DA:113,0
DA:126,0
DA:127,0
DA:128,0
DA:129,0
DA:130,0
DA:132,0
DA:148,0
DA:149,0
DA:150,0
DA:151,0
DA:152,0
DA:154,0
DA:169,0
DA:170,0
DA:171,0
DA:172,0
DA:173,0
DA:175,0
DA:189,0
DA:190,0
DA:191,0
DA:192,0
DA:193,0
DA:195,0
DA:208,0
DA:209,0
DA:210,0
DA:211,0
DA:212,0
DA:214,0
DA:227,0
DA:228,0
DA:229,0
DA:230,0
DA:231,0
DA:233,0
DA:248,0
DA:249,0
DA:250,0
DA:251,0
DA:252,0
DA:254,0
DA:269,0
DA:270,0
DA:271,0
DA:272,0
DA:273,0
DA:275,0
DA:289,0
DA:290,0
DA:291,0
DA:292,0
DA:293,0
DA:295,0
DA:309,0
DA:310,0
DA:311,0
DA:312,0
DA:313,0
DA:315,0
DA:328,0
DA:329,0
DA:330,0
DA:331,0
DA:332,0
DA:334,0
LF:102
LH:10
BRDA:45,0,0,0
BRDA:45,0,1,0
BRDA:66,1,0,0
BRDA:66,1,1,0
BRDA:90,2,0,0
BRDA:90,2,1,12
BRDA:109,3,0,0
BRDA:109,3,1,0
BRDA:128,4,0,0
BRDA:128,4,1,0
BRDA:150,5,0,0
BRDA:150,5,1,0
BRDA:171,6,0,0
BRDA:171,6,1,0
BRDA:191,7,0,0
BRDA:191,7,1,0
BRDA:210,8,0,0
BRDA:210,8,1,0
BRDA:229,9,0,0
BRDA:229,9,1,0
BRDA:250,10,0,0
BRDA:250,10,1,0
BRDA:271,11,0,0
BRDA:271,11,1,0
BRDA:291,12,0,0
BRDA:291,12,1,0
BRDA:311,13,0,0
BRDA:311,13,1,0
BRDA:330,14,0,0
BRDA:330,14,1,0
BRF:30
BRH:1
end_of_record
TN:
SF:src/types/xmpp-types.ts
FN:3,(anonymous_0)
FN:9,(anonymous_1)
FN:28,(anonymous_2)
FN:34,(anonymous_3)
FNF:4
FNH:4
FNDA:5,(anonymous_0)
FNDA:5,(anonymous_1)
FNDA:5,(anonymous_2)
FNDA:5,(anonymous_3)
DA:3,5
DA:4,5
DA:5,5
DA:6,5
DA:9,5
DA:10,5
DA:11,5
DA:12,5
DA:13,5
DA:14,5
DA:15,5
DA:16,5
DA:17,5
DA:18,5
DA:19,5
DA:20,5
DA:21,5
DA:22,5
DA:23,5
DA:24,5
DA:28,5
DA:29,5
DA:30,5
DA:31,5
DA:34,5
DA:35,5
DA:36,5
DA:37,5
LF:28
LH:28
BRDA:3,0,0,5
BRDA:3,0,1,5
BRDA:9,1,0,5
BRDA:9,1,1,5
BRDA:28,2,0,5
BRDA:28,2,1,5
BRDA:34,3,0,5
BRDA:34,3,1,5
BRF:8
BRH:8
end_of_record
TN:
SF:src/utils/error-handler.ts
FN:18,(anonymous_2)
FN:23,(anonymous_3)
FN:27,MyError
FN:34,(anonymous_5)
FN:63,(anonymous_6)
FNF:5
FNH:5
FNDA:10,(anonymous_2)
FNDA:10,(anonymous_3)
FNDA:38,MyError
FNDA:16,(anonymous_5)
FNDA:7,(anonymous_6)
DA:5,10
DA:6,10
DA:7,10
DA:18,10
DA:19,10
DA:20,10
DA:21,10
DA:23,10
DA:27,76
DA:28,38
DA:29,38
DA:30,38
DA:32,10
DA:34,10
DA:35,16
DA:36,16
DA:37,9
DA:38,7
DA:39,0
DA:43,7
DA:44,7
DA:50,0
DA:52,0
DA:53,0
DA:54,0
DA:63,10
DA:64,7
DA:66,0
DA:68,0
DA:70,0
DA:72,7
LF:31
LH:23
BRDA:18,0,0,10
BRDA:18,0,1,10
BRDA:27,1,0,8
BRDA:27,2,0,38
BRDA:36,3,0,9
BRDA:36,3,1,7
BRDA:38,4,0,0
BRDA:38,4,1,7
BRDA:43,5,0,7
BRDA:64,6,0,0
BRDA:64,6,1,0
BRDA:64,6,2,0
BRDA:64,6,3,7
BRF:13
BRH:9
end_of_record
TN:
SF:src/utils/http-status-codes.ts
FN:1,(anonymous_0)
FNF:1
FNH:1
FNDA:10,(anonymous_0)
DA:1,10
DA:9,10
DA:14,10
DA:21,10
DA:29,10
DA:34,10
DA:40,10
DA:47,10
DA:52,10
DA:58,10
DA:65,10
DA:71,10
DA:77,10
DA:83,10
DA:90,10
DA:95,10
DA:105,10
DA:113,10
DA:119,10
DA:126,10
DA:131,10
DA:139,10
DA:146,10
DA:152,10
DA:160,10
DA:167,10
DA:173,10
DA:179,10
DA:185,10
DA:190,10
DA:195,10
DA:202,10
DA:208,10
DA:217,10
DA:222,10
DA:227,10
DA:232,10
DA:239,10
DA:245,10
DA:252,10
DA:257,10
DA:264,10
DA:269,10
DA:274,10
DA:279,10
DA:284,10
DA:289,10
DA:297,10
DA:302,10
DA:308,10
DA:314,10
DA:319,10
DA:325,10
DA:330,10
DA:336,10
DA:341,10
DA:346,10
DA:351,10
DA:356,10
DA:361,10
DA:366,10
DA:373,10
LF:62
LH:62
BRDA:1,0,0,10
BRDA:1,0,1,10
BRF:2
BRH:2
end_of_record
TN:
SF:src/utils/index.ts
FN:6,(anonymous_0)
FN:6,(anonymous_1)
FN:6,(anonymous_2)
FN:6,(anonymous_3)
FN:6,(anonymous_4)
FNF:5
FNH:4
FNDA:84,(anonymous_0)
FNDA:0,(anonymous_1)
FNDA:17,(anonymous_2)
FNDA:16,(anonymous_3)
FNDA:38,(anonymous_4)
DA:1,10
DA:2,10
DA:3,10
DA:4,10
DA:6,94
LF:5
LH:5
BRF:0
BRH:0
end_of_record
TN:
SF:src/utils/logger.ts
FN:15,(anonymous_1)
FN:66,parseMsg
FNF:2
FNH:2
FNDA:12,(anonymous_1)
FNDA:12,parseMsg
DA:1,10
DA:2,10
DA:3,10
DA:5,60
DA:6,10
DA:7,10
DA:9,10
DA:12,10
DA:13,10
DA:15,12
DA:18,10
DA:57,10
DA:67,12
LF:13
LH:13
BRDA:67,0,0,0
BRDA:67,0,1,12
BRF:2
BRH:1
end_of_record
TN:
SF:src/utils/response-builder.ts
FN:5,errorBuilder
FN:21,responseBuilder
FNF:2
FNH:0
FNDA:0,errorBuilder
FNDA:0,responseBuilder
DA:2,10
DA:6,0
DA:7,0
DA:9,0
DA:11,0
DA:13,0
DA:15,0
DA:17,0
DA:21,10
DA:22,0
DA:23,0
DA:24,0
DA:32,0
LF:13
LH:2
BRDA:6,0,0,0
BRDA:9,1,0,0
BRDA:9,1,1,0
BRDA:9,1,2,0
BRDA:9,1,3,0
BRDA:23,2,0,0
BRDA:23,2,1,0
BRDA:34,3,0,0
BRDA:34,3,1,0
BRF:9
BRH:0
end_of_record
